[ 2017-03-14T16:30:10+08:00 ] 127.0.0.1 /admin.php?s=/Public/login.html
[ 基本 ]
请求信息:2017-03-14 16:30:10 HTTP/1.1 GET : /admin.php?s=/Public/login.html
运行时间:0.0720s ( Load:0.0080s Init:0.0030s Exec:0.0210s Template:0.0400s )
吞吐率:13.89req/s
内存开销:1,453.64 kb
查询信息:2 queries 0 writes 
文件加载:44
缓存信息:2 gets 1 writes 
配置加载:166
会话信息:SESSION_ID=ev8os82hhoc60987trbhq9ia52

[ 文件 ]
F:\phpStudy\WWW\wodeimai\admin.php ( 1.18 KB )
F:\phpStudy\WWW\wodeimai\ThinkPHP\ThinkPHP.php ( 4.71 KB )
F:\phpStudy\WWW\wodeimai\ThinkPHP\Library\Think\Think.class.php ( 12.32 KB )
F:\phpStudy\WWW\wodeimai\ThinkPHP\Library\Think\Storage.class.php ( 1.38 KB )
F:\phpStudy\WWW\wodeimai\ThinkPHP\Library\Think\Storage\Driver\File.class.php ( 3.54 KB )
F:\phpStudy\WWW\wodeimai\ThinkPHP\Mode\common.php ( 2.82 KB )
F:\phpStudy\WWW\wodeimai\ThinkPHP\Common\functions.php ( 51.90 KB )
F:\phpStudy\WWW\wodeimai\ThinkPHP\Common\wdm_functions.php ( 0.86 KB )
F:\phpStudy\WWW\wodeimai\Application\Common\Common\function.php ( 30.81 KB )
F:\phpStudy\WWW\wodeimai\Application\Common\Common\wdm_functions.php ( 1.96 KB )
F:\phpStudy\WWW\wodeimai\ThinkPHP\Library\Think\Hook.class.php ( 4.02 KB )
F:\phpStudy\WWW\wodeimai\ThinkPHP\Library\Think\App.class.php ( 13.23 KB )
F:\phpStudy\WWW\wodeimai\ThinkPHP\Library\Think\Dispatcher.class.php ( 14.82 KB )
F:\phpStudy\WWW\wodeimai\ThinkPHP\Library\Think\Route.class.php ( 13.38 KB )
F:\phpStudy\WWW\wodeimai\ThinkPHP\Library\Think\Controller.class.php ( 10.95 KB )
F:\phpStudy\WWW\wodeimai\ThinkPHP\Library\Think\View.class.php ( 7.96 KB )
F:\phpStudy\WWW\wodeimai\ThinkPHP\Library\Behavior\BuildLiteBehavior.class.php ( 3.69 KB )
F:\phpStudy\WWW\wodeimai\ThinkPHP\Library\Behavior\ParseTemplateBehavior.class.php ( 3.89 KB )
F:\phpStudy\WWW\wodeimai\ThinkPHP\Library\Behavior\ContentReplaceBehavior.class.php ( 1.91 KB )
F:\phpStudy\WWW\wodeimai\ThinkPHP\Conf\convention.php ( 11.18 KB )
F:\phpStudy\WWW\wodeimai\Application\Common\Conf\config.php ( 1.97 KB )
F:\phpStudy\WWW\wodeimai\Application\Common\Conf\tags.php ( 0.08 KB )
F:\phpStudy\WWW\wodeimai\ThinkPHP\Lang\zh-cn.php ( 2.57 KB )
F:\phpStudy\WWW\wodeimai\ThinkPHP\Conf\debug.php ( 1.50 KB )
F:\phpStudy\WWW\wodeimai\Application\Common\Conf\debug.php ( 1.04 KB )
F:\phpStudy\WWW\wodeimai\Application\Common\Behavior\InitHookBehavior.class.php ( 1.69 KB )
F:\phpStudy\WWW\wodeimai\ThinkPHP\Library\Think\Behavior.class.php ( 0.88 KB )
F:\phpStudy\WWW\wodeimai\ThinkPHP\Library\Think\Cache.class.php ( 3.84 KB )
F:\phpStudy\WWW\wodeimai\ThinkPHP\Library\Think\Cache\Driver\File.class.php ( 5.88 KB )
F:\phpStudy\WWW\wodeimai\Application\Admin\Conf\config.php ( 5.29 KB )
F:\phpStudy\WWW\wodeimai\Application\Admin\Common\function.php ( 13.10 KB )
F:\phpStudy\WWW\wodeimai\ThinkPHP\Library\Behavior\ReadHtmlCacheBehavior.class.php ( 5.62 KB )
F:\phpStudy\WWW\wodeimai\Application\Admin\Controller\PublicController.class.php ( 2.84 KB )
F:\phpStudy\WWW\wodeimai\Application\Admin\Model\ConfigModel.class.php ( 2.54 KB )
F:\phpStudy\WWW\wodeimai\ThinkPHP\Library\Think\Model.class.php ( 66.29 KB )
F:\phpStudy\WWW\wodeimai\ThinkPHP\Library\Think\Db.class.php ( 5.68 KB )
F:\phpStudy\WWW\wodeimai\ThinkPHP\Library\Think\Db\Driver\Mysql.class.php ( 4.84 KB )
F:\phpStudy\WWW\wodeimai\ThinkPHP\Library\Think\Db\Driver.class.php ( 39.35 KB )
F:\phpStudy\WWW\wodeimai\ThinkPHP\Library\Think\Template.class.php ( 28.57 KB )
F:\phpStudy\WWW\wodeimai\ThinkPHP\Library\Think\Template\TagLib\Cx.class.php ( 22.62 KB )
F:\phpStudy\WWW\wodeimai\ThinkPHP\Library\Think\Template\TagLib.class.php ( 9.19 KB )
F:\phpStudy\WWW\wodeimai\Runtime\Cache\Admin\3c5566b2bfbf6ef00ac5366ba47246fe.php ( 5.53 KB )
F:\phpStudy\WWW\wodeimai\ThinkPHP\Library\Behavior\WriteHtmlCacheBehavior.class.php ( 0.98 KB )
F:\phpStudy\WWW\wodeimai\ThinkPHP\Library\Behavior\ShowPageTraceBehavior.class.php ( 5.27 KB )

[ 流程 ]
[ app_init ] --START--
Run Behavior\BuildLiteBehavior [ RunTime:0.000000s ]
Run Common\Behavior\InitHookBehavior [ RunTime:0.001000s ]
[ app_init ] --END-- [ RunTime:0.001000s ]
[ app_begin ] --START--
Run Behavior\ReadHtmlCacheBehavior [ RunTime:0.001000s ]
[ app_begin ] --END-- [ RunTime:0.001000s ]
[ view_parse ] --START--
[ template_filter ] --START--
Run Behavior\ContentReplaceBehavior [ RunTime:0.000000s ]
[ template_filter ] --END-- [ RunTime:0.000000s ]
Run Behavior\ParseTemplateBehavior [ RunTime:0.038000s ]
[ view_parse ] --END-- [ RunTime:0.038000s ]
[ view_filter ] --START--
Run Behavior\WriteHtmlCacheBehavior [ RunTime:0.001000s ]
[ view_filter ] --END-- [ RunTime:0.001000s ]
[ app_end ] --START--

[ 错误 ]
[8] unserialize(): Error at offset 0 of 1875 bytes F:\phpStudy\WWW\wodeimai\ThinkPHP\Library\Think\Cache\Driver\File.class.php 第 104 行.

[ SQL ]
SHOW COLUMNS FROM `wdm_config` [ RunTime:0.0090s ]
SELECT `type`,`name`,`value` FROM `wdm_config` WHERE `status` = 1  [ RunTime:0.0010s ]

[ 调试 ]


[ 2017-03-14T16:30:10+08:00 ] 127.0.0.1 /admin.php?s=/Public/verify.html
[ 基本 ]
请求信息:2017-03-14 16:30:10 HTTP/1.1 GET : /admin.php?s=/Public/verify.html
运行时间:0.0190s ( Load:0.0110s Init:0.0040s Exec:0.0040s Template:0.0000s )
吞吐率:52.63req/s
内存开销:807.82 kb
查询信息:0 queries 0 writes 
文件加载:35
缓存信息:1 gets 0 writes 
配置加载:140
会话信息:SESSION_ID=ev8os82hhoc60987trbhq9ia52

[ 文件 ]
F:\phpStudy\WWW\wodeimai\admin.php ( 1.18 KB )
F:\phpStudy\WWW\wodeimai\ThinkPHP\ThinkPHP.php ( 4.71 KB )
F:\phpStudy\WWW\wodeimai\ThinkPHP\Library\Think\Think.class.php ( 12.32 KB )
F:\phpStudy\WWW\wodeimai\ThinkPHP\Library\Think\Storage.class.php ( 1.38 KB )
F:\phpStudy\WWW\wodeimai\ThinkPHP\Library\Think\Storage\Driver\File.class.php ( 3.54 KB )
F:\phpStudy\WWW\wodeimai\ThinkPHP\Mode\common.php ( 2.82 KB )
F:\phpStudy\WWW\wodeimai\ThinkPHP\Common\functions.php ( 51.90 KB )
F:\phpStudy\WWW\wodeimai\ThinkPHP\Common\wdm_functions.php ( 0.86 KB )
F:\phpStudy\WWW\wodeimai\Application\Common\Common\function.php ( 30.81 KB )
F:\phpStudy\WWW\wodeimai\Application\Common\Common\wdm_functions.php ( 1.96 KB )
F:\phpStudy\WWW\wodeimai\ThinkPHP\Library\Think\Hook.class.php ( 4.02 KB )
F:\phpStudy\WWW\wodeimai\ThinkPHP\Library\Think\App.class.php ( 13.23 KB )
F:\phpStudy\WWW\wodeimai\ThinkPHP\Library\Think\Dispatcher.class.php ( 14.82 KB )
F:\phpStudy\WWW\wodeimai\ThinkPHP\Library\Think\Route.class.php ( 13.38 KB )
F:\phpStudy\WWW\wodeimai\ThinkPHP\Library\Think\Controller.class.php ( 10.95 KB )
F:\phpStudy\WWW\wodeimai\ThinkPHP\Library\Think\View.class.php ( 7.96 KB )
F:\phpStudy\WWW\wodeimai\ThinkPHP\Library\Behavior\BuildLiteBehavior.class.php ( 3.69 KB )
F:\phpStudy\WWW\wodeimai\ThinkPHP\Library\Behavior\ParseTemplateBehavior.class.php ( 3.89 KB )
F:\phpStudy\WWW\wodeimai\ThinkPHP\Library\Behavior\ContentReplaceBehavior.class.php ( 1.91 KB )
F:\phpStudy\WWW\wodeimai\ThinkPHP\Conf\convention.php ( 11.18 KB )
F:\phpStudy\WWW\wodeimai\Application\Common\Conf\config.php ( 1.97 KB )
F:\phpStudy\WWW\wodeimai\Application\Common\Conf\tags.php ( 0.08 KB )
F:\phpStudy\WWW\wodeimai\ThinkPHP\Lang\zh-cn.php ( 2.57 KB )
F:\phpStudy\WWW\wodeimai\ThinkPHP\Conf\debug.php ( 1.50 KB )
F:\phpStudy\WWW\wodeimai\Application\Common\Conf\debug.php ( 1.04 KB )
F:\phpStudy\WWW\wodeimai\Application\Common\Behavior\InitHookBehavior.class.php ( 1.69 KB )
F:\phpStudy\WWW\wodeimai\ThinkPHP\Library\Think\Behavior.class.php ( 0.88 KB )
F:\phpStudy\WWW\wodeimai\ThinkPHP\Library\Think\Cache.class.php ( 3.84 KB )
F:\phpStudy\WWW\wodeimai\ThinkPHP\Library\Think\Cache\Driver\File.class.php ( 5.88 KB )
F:\phpStudy\WWW\wodeimai\Application\Admin\Conf\config.php ( 5.29 KB )
F:\phpStudy\WWW\wodeimai\Application\Admin\Common\function.php ( 13.10 KB )
F:\phpStudy\WWW\wodeimai\ThinkPHP\Library\Behavior\ReadHtmlCacheBehavior.class.php ( 5.62 KB )
F:\phpStudy\WWW\wodeimai\Application\Admin\Controller\PublicController.class.php ( 2.84 KB )
F:\phpStudy\WWW\wodeimai\ThinkPHP\Library\Think\Verify.class.php ( 15.80 KB )
F:\phpStudy\WWW\wodeimai\ThinkPHP\Library\Behavior\ShowPageTraceBehavior.class.php ( 5.27 KB )

[ 流程 ]
[ app_init ] --START--
Run Behavior\BuildLiteBehavior [ RunTime:0.000000s ]
Run Common\Behavior\InitHookBehavior [ RunTime:0.002000s ]
[ app_init ] --END-- [ RunTime:0.002000s ]
[ app_begin ] --START--
Run Behavior\ReadHtmlCacheBehavior [ RunTime:0.001000s ]
[ app_begin ] --END-- [ RunTime:0.001000s ]
[ app_end ] --START--

[ 错误 ]

[ SQL ]


[ 调试 ]


[ 2017-03-14T16:30:18+08:00 ] 127.0.0.1 /admin.php?s=/Index/index.html
[ 基本 ]
请求信息:2017-03-14 16:30:17 HTTP/1.1 GET : /admin.php?s=/Index/index.html
运行时间:0.4110s ( Load:0.0180s Init:0.0050s Exec:0.0340s Template:0.3540s )
吞吐率:2.43req/s
内存开销:1,594.76 kb
查询信息:18 queries 0 writes 
文件加载:51
缓存信息:2 gets 0 writes 
配置加载:166
会话信息:SESSION_ID=ev8os82hhoc60987trbhq9ia52

[ 文件 ]
F:\phpStudy\WWW\wodeimai\admin.php ( 1.18 KB )
F:\phpStudy\WWW\wodeimai\ThinkPHP\ThinkPHP.php ( 4.71 KB )
F:\phpStudy\WWW\wodeimai\ThinkPHP\Library\Think\Think.class.php ( 12.32 KB )
F:\phpStudy\WWW\wodeimai\ThinkPHP\Library\Think\Storage.class.php ( 1.38 KB )
F:\phpStudy\WWW\wodeimai\ThinkPHP\Library\Think\Storage\Driver\File.class.php ( 3.54 KB )
F:\phpStudy\WWW\wodeimai\ThinkPHP\Mode\common.php ( 2.82 KB )
F:\phpStudy\WWW\wodeimai\ThinkPHP\Common\functions.php ( 51.90 KB )
F:\phpStudy\WWW\wodeimai\ThinkPHP\Common\wdm_functions.php ( 0.86 KB )
F:\phpStudy\WWW\wodeimai\Application\Common\Common\function.php ( 30.81 KB )
F:\phpStudy\WWW\wodeimai\Application\Common\Common\wdm_functions.php ( 1.96 KB )
F:\phpStudy\WWW\wodeimai\ThinkPHP\Library\Think\Hook.class.php ( 4.02 KB )
F:\phpStudy\WWW\wodeimai\ThinkPHP\Library\Think\App.class.php ( 13.23 KB )
F:\phpStudy\WWW\wodeimai\ThinkPHP\Library\Think\Dispatcher.class.php ( 14.82 KB )
F:\phpStudy\WWW\wodeimai\ThinkPHP\Library\Think\Route.class.php ( 13.38 KB )
F:\phpStudy\WWW\wodeimai\ThinkPHP\Library\Think\Controller.class.php ( 10.95 KB )
F:\phpStudy\WWW\wodeimai\ThinkPHP\Library\Think\View.class.php ( 7.96 KB )
F:\phpStudy\WWW\wodeimai\ThinkPHP\Library\Behavior\BuildLiteBehavior.class.php ( 3.69 KB )
F:\phpStudy\WWW\wodeimai\ThinkPHP\Library\Behavior\ParseTemplateBehavior.class.php ( 3.89 KB )
F:\phpStudy\WWW\wodeimai\ThinkPHP\Library\Behavior\ContentReplaceBehavior.class.php ( 1.91 KB )
F:\phpStudy\WWW\wodeimai\ThinkPHP\Conf\convention.php ( 11.18 KB )
F:\phpStudy\WWW\wodeimai\Application\Common\Conf\config.php ( 1.97 KB )
F:\phpStudy\WWW\wodeimai\Application\Common\Conf\tags.php ( 0.08 KB )
F:\phpStudy\WWW\wodeimai\ThinkPHP\Lang\zh-cn.php ( 2.57 KB )
F:\phpStudy\WWW\wodeimai\ThinkPHP\Conf\debug.php ( 1.50 KB )
F:\phpStudy\WWW\wodeimai\Application\Common\Conf\debug.php ( 1.04 KB )
F:\phpStudy\WWW\wodeimai\Application\Common\Behavior\InitHookBehavior.class.php ( 1.69 KB )
F:\phpStudy\WWW\wodeimai\ThinkPHP\Library\Think\Behavior.class.php ( 0.88 KB )
F:\phpStudy\WWW\wodeimai\ThinkPHP\Library\Think\Cache.class.php ( 3.84 KB )
F:\phpStudy\WWW\wodeimai\ThinkPHP\Library\Think\Cache\Driver\File.class.php ( 5.88 KB )
F:\phpStudy\WWW\wodeimai\Application\Admin\Conf\config.php ( 5.29 KB )
F:\phpStudy\WWW\wodeimai\Application\Admin\Common\function.php ( 13.10 KB )
F:\phpStudy\WWW\wodeimai\ThinkPHP\Library\Behavior\ReadHtmlCacheBehavior.class.php ( 5.62 KB )
F:\phpStudy\WWW\wodeimai\Application\Admin\Controller\IndexController.class.php ( 0.88 KB )
F:\phpStudy\WWW\wodeimai\Application\Admin\Controller\AdminController.class.php ( 19.92 KB )
F:\phpStudy\WWW\wodeimai\ThinkPHP\Library\Think\Model.class.php ( 66.29 KB )
F:\phpStudy\WWW\wodeimai\ThinkPHP\Library\Think\Db.class.php ( 5.68 KB )
F:\phpStudy\WWW\wodeimai\ThinkPHP\Library\Think\Db\Driver\Mysql.class.php ( 4.84 KB )
F:\phpStudy\WWW\wodeimai\ThinkPHP\Library\Think\Db\Driver.class.php ( 39.35 KB )
F:\phpStudy\WWW\wodeimai\ThinkPHP\Library\Think\Template.class.php ( 28.57 KB )
F:\phpStudy\WWW\wodeimai\ThinkPHP\Library\Think\Template\TagLib\Cx.class.php ( 22.62 KB )
F:\phpStudy\WWW\wodeimai\ThinkPHP\Library\Think\Template\TagLib.class.php ( 9.19 KB )
F:\phpStudy\WWW\wodeimai\Runtime\Cache\Admin\b595b808c2ebeeeb0478ffc30bb4e87a.php ( 8.39 KB )
F:\phpStudy\WWW\wodeimai\Addons\SiteStat\SiteStatAddon.class.php ( 1.57 KB )
F:\phpStudy\WWW\wodeimai\Application\Common\Controller\Addon.class.php ( 4.70 KB )
F:\phpStudy\WWW\wodeimai\Runtime\Cache\Admin\79bde46336f7088c2c4092b8642fe931.php ( 1.03 KB )
F:\phpStudy\WWW\wodeimai\ThinkPHP\Library\Behavior\WriteHtmlCacheBehavior.class.php ( 0.98 KB )
F:\phpStudy\WWW\wodeimai\Addons\SystemInfo\SystemInfoAddon.class.php ( 2.55 KB )
F:\phpStudy\WWW\wodeimai\Runtime\Cache\Admin\a2687d4c008de26902ac38bda01195da.php ( 1.47 KB )
F:\phpStudy\WWW\wodeimai\Addons\DevTeam\DevTeamAddon.class.php ( 1.33 KB )
F:\phpStudy\WWW\wodeimai\Runtime\Cache\Admin\fea6ecfa909155b3a58e2631a09f55e1.php ( 1.23 KB )
F:\phpStudy\WWW\wodeimai\ThinkPHP\Library\Behavior\ShowPageTraceBehavior.class.php ( 5.27 KB )

[ 流程 ]
[ app_init ] --START--
Run Behavior\BuildLiteBehavior [ RunTime:0.000000s ]
Run Common\Behavior\InitHookBehavior [ RunTime:0.002000s ]
[ app_init ] --END-- [ RunTime:0.002000s ]
[ app_begin ] --START--
Run Behavior\ReadHtmlCacheBehavior [ RunTime:0.001000s ]
[ app_begin ] --END-- [ RunTime:0.001000s ]
[ view_parse ] --START--
[ template_filter ] --START--
Run Behavior\ContentReplaceBehavior [ RunTime:0.001000s ]
[ template_filter ] --END-- [ RunTime:0.001000s ]
[ AdminIndex ] --START--
[ view_parse ] --START--
[ template_filter ] --START--
Run Behavior\ContentReplaceBehavior [ RunTime:0.000000s ]
[ template_filter ] --END-- [ RunTime:-0.146000s ]
Run Behavior\ParseTemplateBehavior [ RunTime:0.002000s ]
[ view_parse ] --END-- [ RunTime:0.002000s ]
[ view_filter ] --START--
Run Behavior\WriteHtmlCacheBehavior [ RunTime:0.000000s ]
[ view_filter ] --END-- [ RunTime:0.000000s ]
Run Addons\SiteStat\SiteStatAddon [ RunTime:0.053000s ]
[ view_parse ] --START--
[ template_filter ] --START--
Run Behavior\ContentReplaceBehavior [ RunTime:0.001000s ]
[ template_filter ] --END-- [ RunTime:-0.260000s ]
Run Behavior\ParseTemplateBehavior [ RunTime:0.061000s ]
[ view_parse ] --END-- [ RunTime:-0.109000s ]
[ view_filter ] --START--
Run Behavior\WriteHtmlCacheBehavior [ RunTime:0.000000s ]
[ view_filter ] --END-- [ RunTime:-0.170000s ]
Run Addons\SystemInfo\SystemInfoAddon [ RunTime:0.170000s ]
[ view_parse ] --START--
[ template_filter ] --START--
Run Behavior\ContentReplaceBehavior [ RunTime:0.000000s ]
[ template_filter ] --END-- [ RunTime:-0.324000s ]
Run Behavior\ParseTemplateBehavior [ RunTime:0.019000s ]
[ view_parse ] --END-- [ RunTime:-0.174000s ]
[ view_filter ] --START--
Run Behavior\WriteHtmlCacheBehavior [ RunTime:0.000000s ]
[ view_filter ] --END-- [ RunTime:-0.193000s ]
Run Addons\DevTeam\DevTeamAddon [ RunTime:0.023000s ]
[ AdminIndex ] --END-- [ RunTime:0.246000s ]
Run Behavior\ParseTemplateBehavior [ RunTime:0.019000s ]
[ view_parse ] --END-- [ RunTime:-0.174000s ]
[ view_filter ] --START--
Run Behavior\WriteHtmlCacheBehavior [ RunTime:0.000000s ]
[ view_filter ] --END-- [ RunTime:-0.193000s ]
[ app_end ] --START--

[ 错误 ]

[ SQL ]
SHOW COLUMNS FROM `wdm_menu` [ RunTime:0.0200s ]
SELECT `id`,`title`,`url` FROM `wdm_menu` WHERE `pid` = 0 AND `hide` = 0 ORDER BY sort asc  [ RunTime:0.0010s ]
SELECT `pid` FROM `wdm_menu` WHERE ( pid !=0 AND url like '%Index/index%' ) LIMIT 1   [ RunTime:0.0020s ]
SHOW COLUMNS FROM `wdm_addons` [ RunTime:0.0070s ]
SELECT `config` FROM `wdm_addons` WHERE `name` = 'SiteStat' AND `status` = 1 LIMIT 1   [ RunTime:0.0000s ]
SHOW COLUMNS FROM `wdm_member` [ RunTime:0.0070s ]
SELECT COUNT(*) AS tp_count FROM `wdm_member` LIMIT 1   [ RunTime:0.0000s ]
SHOW COLUMNS FROM `wdm_action_log` [ RunTime:0.0060s ]
SELECT COUNT(*) AS tp_count FROM `wdm_action_log` LIMIT 1   [ RunTime:0.0000s ]
SHOW COLUMNS FROM `wdm_document` [ RunTime:0.0100s ]
SELECT COUNT(*) AS tp_count FROM `wdm_document` LIMIT 1   [ RunTime:0.0000s ]
SHOW COLUMNS FROM `wdm_category` [ RunTime:0.0100s ]
SELECT COUNT(*) AS tp_count FROM `wdm_category` LIMIT 1   [ RunTime:0.0000s ]
SHOW COLUMNS FROM `wdm_model` [ RunTime:0.0100s ]
SELECT COUNT(*) AS tp_count FROM `wdm_model` LIMIT 1   [ RunTime:0.0000s ]
SELECT `config` FROM `wdm_addons` WHERE `name` = 'SystemInfo' AND `status` = 1 LIMIT 1   [ RunTime:0.0000s ]
select version() as v; [ RunTime:0.0010s ]
SELECT `config` FROM `wdm_addons` WHERE `name` = 'DevTeam' AND `status` = 1 LIMIT 1   [ RunTime:0.0000s ]

[ 调试 ]


[ 2017-03-14T16:30:20+08:00 ] 127.0.0.1 /admin.php?s=/Index/index.html
[ 基本 ]
请求信息:2017-03-14 16:30:20 HTTP/1.1 GET : /admin.php?s=/Index/index.html
运行时间:0.3230s ( Load:0.0380s Init:0.0060s Exec:0.0340s Template:0.2450s )
吞吐率:3.10req/s
内存开销:1,594.77 kb
查询信息:18 queries 0 writes 
文件加载:51
缓存信息:2 gets 0 writes 
配置加载:166
会话信息:SESSION_ID=ev8os82hhoc60987trbhq9ia52

[ 文件 ]
F:\phpStudy\WWW\wodeimai\admin.php ( 1.18 KB )
F:\phpStudy\WWW\wodeimai\ThinkPHP\ThinkPHP.php ( 4.71 KB )
F:\phpStudy\WWW\wodeimai\ThinkPHP\Library\Think\Think.class.php ( 12.32 KB )
F:\phpStudy\WWW\wodeimai\ThinkPHP\Library\Think\Storage.class.php ( 1.38 KB )
F:\phpStudy\WWW\wodeimai\ThinkPHP\Library\Think\Storage\Driver\File.class.php ( 3.54 KB )
F:\phpStudy\WWW\wodeimai\ThinkPHP\Mode\common.php ( 2.82 KB )
F:\phpStudy\WWW\wodeimai\ThinkPHP\Common\functions.php ( 51.90 KB )
F:\phpStudy\WWW\wodeimai\ThinkPHP\Common\wdm_functions.php ( 0.86 KB )
F:\phpStudy\WWW\wodeimai\Application\Common\Common\function.php ( 30.81 KB )
F:\phpStudy\WWW\wodeimai\Application\Common\Common\wdm_functions.php ( 1.96 KB )
F:\phpStudy\WWW\wodeimai\ThinkPHP\Library\Think\Hook.class.php ( 4.02 KB )
F:\phpStudy\WWW\wodeimai\ThinkPHP\Library\Think\App.class.php ( 13.23 KB )
F:\phpStudy\WWW\wodeimai\ThinkPHP\Library\Think\Dispatcher.class.php ( 14.82 KB )
F:\phpStudy\WWW\wodeimai\ThinkPHP\Library\Think\Route.class.php ( 13.38 KB )
F:\phpStudy\WWW\wodeimai\ThinkPHP\Library\Think\Controller.class.php ( 10.95 KB )
F:\phpStudy\WWW\wodeimai\ThinkPHP\Library\Think\View.class.php ( 7.96 KB )
F:\phpStudy\WWW\wodeimai\ThinkPHP\Library\Behavior\BuildLiteBehavior.class.php ( 3.69 KB )
F:\phpStudy\WWW\wodeimai\ThinkPHP\Library\Behavior\ParseTemplateBehavior.class.php ( 3.89 KB )
F:\phpStudy\WWW\wodeimai\ThinkPHP\Library\Behavior\ContentReplaceBehavior.class.php ( 1.91 KB )
F:\phpStudy\WWW\wodeimai\ThinkPHP\Conf\convention.php ( 11.18 KB )
F:\phpStudy\WWW\wodeimai\Application\Common\Conf\config.php ( 1.97 KB )
F:\phpStudy\WWW\wodeimai\Application\Common\Conf\tags.php ( 0.08 KB )
F:\phpStudy\WWW\wodeimai\ThinkPHP\Lang\zh-cn.php ( 2.57 KB )
F:\phpStudy\WWW\wodeimai\ThinkPHP\Conf\debug.php ( 1.50 KB )
F:\phpStudy\WWW\wodeimai\Application\Common\Conf\debug.php ( 1.04 KB )
F:\phpStudy\WWW\wodeimai\Application\Common\Behavior\InitHookBehavior.class.php ( 1.69 KB )
F:\phpStudy\WWW\wodeimai\ThinkPHP\Library\Think\Behavior.class.php ( 0.88 KB )
F:\phpStudy\WWW\wodeimai\ThinkPHP\Library\Think\Cache.class.php ( 3.84 KB )
F:\phpStudy\WWW\wodeimai\ThinkPHP\Library\Think\Cache\Driver\File.class.php ( 5.88 KB )
F:\phpStudy\WWW\wodeimai\Application\Admin\Conf\config.php ( 5.29 KB )
F:\phpStudy\WWW\wodeimai\Application\Admin\Common\function.php ( 13.10 KB )
F:\phpStudy\WWW\wodeimai\ThinkPHP\Library\Behavior\ReadHtmlCacheBehavior.class.php ( 5.62 KB )
F:\phpStudy\WWW\wodeimai\Application\Admin\Controller\IndexController.class.php ( 0.88 KB )
F:\phpStudy\WWW\wodeimai\Application\Admin\Controller\AdminController.class.php ( 19.92 KB )
F:\phpStudy\WWW\wodeimai\ThinkPHP\Library\Think\Model.class.php ( 66.29 KB )
F:\phpStudy\WWW\wodeimai\ThinkPHP\Library\Think\Db.class.php ( 5.68 KB )
F:\phpStudy\WWW\wodeimai\ThinkPHP\Library\Think\Db\Driver\Mysql.class.php ( 4.84 KB )
F:\phpStudy\WWW\wodeimai\ThinkPHP\Library\Think\Db\Driver.class.php ( 39.35 KB )
F:\phpStudy\WWW\wodeimai\ThinkPHP\Library\Think\Template.class.php ( 28.57 KB )
F:\phpStudy\WWW\wodeimai\ThinkPHP\Library\Think\Template\TagLib\Cx.class.php ( 22.62 KB )
F:\phpStudy\WWW\wodeimai\ThinkPHP\Library\Think\Template\TagLib.class.php ( 9.19 KB )
F:\phpStudy\WWW\wodeimai\Runtime\Cache\Admin\b595b808c2ebeeeb0478ffc30bb4e87a.php ( 8.39 KB )
F:\phpStudy\WWW\wodeimai\Addons\SiteStat\SiteStatAddon.class.php ( 1.57 KB )
F:\phpStudy\WWW\wodeimai\Application\Common\Controller\Addon.class.php ( 4.70 KB )
F:\phpStudy\WWW\wodeimai\Runtime\Cache\Admin\79bde46336f7088c2c4092b8642fe931.php ( 1.03 KB )
F:\phpStudy\WWW\wodeimai\ThinkPHP\Library\Behavior\WriteHtmlCacheBehavior.class.php ( 0.98 KB )
F:\phpStudy\WWW\wodeimai\Addons\SystemInfo\SystemInfoAddon.class.php ( 2.55 KB )
F:\phpStudy\WWW\wodeimai\Runtime\Cache\Admin\a2687d4c008de26902ac38bda01195da.php ( 1.47 KB )
F:\phpStudy\WWW\wodeimai\Addons\DevTeam\DevTeamAddon.class.php ( 1.33 KB )
F:\phpStudy\WWW\wodeimai\Runtime\Cache\Admin\fea6ecfa909155b3a58e2631a09f55e1.php ( 1.23 KB )
F:\phpStudy\WWW\wodeimai\ThinkPHP\Library\Behavior\ShowPageTraceBehavior.class.php ( 5.27 KB )

[ 流程 ]
[ app_init ] --START--
Run Behavior\BuildLiteBehavior [ RunTime:0.000000s ]
Run Common\Behavior\InitHookBehavior [ RunTime:0.002000s ]
[ app_init ] --END-- [ RunTime:0.002000s ]
[ app_begin ] --START--
Run Behavior\ReadHtmlCacheBehavior [ RunTime:0.001000s ]
[ app_begin ] --END-- [ RunTime:0.001000s ]
[ view_parse ] --START--
[ template_filter ] --START--
Run Behavior\ContentReplaceBehavior [ RunTime:0.000000s ]
[ template_filter ] --END-- [ RunTime:0.000000s ]
[ AdminIndex ] --START--
[ view_parse ] --START--
[ template_filter ] --START--
Run Behavior\ContentReplaceBehavior [ RunTime:0.000000s ]
[ template_filter ] --END-- [ RunTime:-0.109000s ]
Run Behavior\ParseTemplateBehavior [ RunTime:0.002000s ]
[ view_parse ] --END-- [ RunTime:0.002000s ]
[ view_filter ] --START--
Run Behavior\WriteHtmlCacheBehavior [ RunTime:0.000000s ]
[ view_filter ] --END-- [ RunTime:0.000000s ]
Run Addons\SiteStat\SiteStatAddon [ RunTime:0.047000s ]
[ view_parse ] --START--
[ template_filter ] --START--
Run Behavior\ContentReplaceBehavior [ RunTime:0.000000s ]
[ template_filter ] --END-- [ RunTime:-0.221000s ]
Run Behavior\ParseTemplateBehavior [ RunTime:0.007000s ]
[ view_parse ] --END-- [ RunTime:-0.108000s ]
[ view_filter ] --START--
Run Behavior\WriteHtmlCacheBehavior [ RunTime:0.000000s ]
[ view_filter ] --END-- [ RunTime:-0.115000s ]
Run Addons\SystemInfo\SystemInfoAddon [ RunTime:0.115000s ]
[ view_parse ] --START--
[ template_filter ] --START--
Run Behavior\ContentReplaceBehavior [ RunTime:0.000000s ]
[ template_filter ] --END-- [ RunTime:-0.231000s ]
Run Behavior\ParseTemplateBehavior [ RunTime:0.006000s ]
[ view_parse ] --END-- [ RunTime:-0.118000s ]
[ view_filter ] --START--
Run Behavior\WriteHtmlCacheBehavior [ RunTime:0.000000s ]
[ view_filter ] --END-- [ RunTime:-0.124000s ]
Run Addons\DevTeam\DevTeamAddon [ RunTime:0.010000s ]
[ AdminIndex ] --END-- [ RunTime:0.172000s ]
Run Behavior\ParseTemplateBehavior [ RunTime:0.007000s ]
[ view_parse ] --END-- [ RunTime:-0.118000s ]
[ view_filter ] --START--
Run Behavior\WriteHtmlCacheBehavior [ RunTime:0.000000s ]
[ view_filter ] --END-- [ RunTime:-0.125000s ]
[ app_end ] --START--

[ 错误 ]

[ SQL ]
SHOW COLUMNS FROM `wdm_menu` [ RunTime:0.0110s ]
SELECT `id`,`title`,`url` FROM `wdm_menu` WHERE `pid` = 0 AND `hide` = 0 ORDER BY sort asc  [ RunTime:0.0000s ]
SELECT `pid` FROM `wdm_menu` WHERE ( pid !=0 AND url like '%Index/index%' ) LIMIT 1   [ RunTime:0.0010s ]
SHOW COLUMNS FROM `wdm_addons` [ RunTime:0.0060s ]
SELECT `config` FROM `wdm_addons` WHERE `name` = 'SiteStat' AND `status` = 1 LIMIT 1   [ RunTime:0.0000s ]
SHOW COLUMNS FROM `wdm_member` [ RunTime:0.0060s ]
SELECT COUNT(*) AS tp_count FROM `wdm_member` LIMIT 1   [ RunTime:0.0000s ]
SHOW COLUMNS FROM `wdm_action_log` [ RunTime:0.0100s ]
SELECT COUNT(*) AS tp_count FROM `wdm_action_log` LIMIT 1   [ RunTime:0.0010s ]
SHOW COLUMNS FROM `wdm_document` [ RunTime:0.0060s ]
SELECT COUNT(*) AS tp_count FROM `wdm_document` LIMIT 1   [ RunTime:0.0000s ]
SHOW COLUMNS FROM `wdm_category` [ RunTime:0.0060s ]
SELECT COUNT(*) AS tp_count FROM `wdm_category` LIMIT 1   [ RunTime:0.0000s ]
SHOW COLUMNS FROM `wdm_model` [ RunTime:0.0070s ]
SELECT COUNT(*) AS tp_count FROM `wdm_model` LIMIT 1   [ RunTime:0.0000s ]
SELECT `config` FROM `wdm_addons` WHERE `name` = 'SystemInfo' AND `status` = 1 LIMIT 1   [ RunTime:0.0000s ]
select version() as v; [ RunTime:0.0000s ]
SELECT `config` FROM `wdm_addons` WHERE `name` = 'DevTeam' AND `status` = 1 LIMIT 1   [ RunTime:0.0010s ]

[ 调试 ]


[ 2017-03-14T16:30:21+08:00 ] 127.0.0.1 /admin.php?s=/Article/index.html
[ 基本 ]
请求信息:2017-03-14 16:30:21 HTTP/1.1 GET : /admin.php?s=/Article/index.html
运行时间:0.4610s ( Load:0.0370s Init:0.0080s Exec:0.1260s Template:0.2900s )
吞吐率:2.17req/s
内存开销:1,764.80 kb
查询信息:19 queries 0 writes 
文件加载:46
缓存信息:2 gets 0 writes 
配置加载:166
会话信息:SESSION_ID=ev8os82hhoc60987trbhq9ia52

[ 文件 ]
F:\phpStudy\WWW\wodeimai\admin.php ( 1.18 KB )
F:\phpStudy\WWW\wodeimai\ThinkPHP\ThinkPHP.php ( 4.71 KB )
F:\phpStudy\WWW\wodeimai\ThinkPHP\Library\Think\Think.class.php ( 12.32 KB )
F:\phpStudy\WWW\wodeimai\ThinkPHP\Library\Think\Storage.class.php ( 1.38 KB )
F:\phpStudy\WWW\wodeimai\ThinkPHP\Library\Think\Storage\Driver\File.class.php ( 3.54 KB )
F:\phpStudy\WWW\wodeimai\ThinkPHP\Mode\common.php ( 2.82 KB )
F:\phpStudy\WWW\wodeimai\ThinkPHP\Common\functions.php ( 51.90 KB )
F:\phpStudy\WWW\wodeimai\ThinkPHP\Common\wdm_functions.php ( 0.86 KB )
F:\phpStudy\WWW\wodeimai\Application\Common\Common\function.php ( 30.81 KB )
F:\phpStudy\WWW\wodeimai\Application\Common\Common\wdm_functions.php ( 1.96 KB )
F:\phpStudy\WWW\wodeimai\ThinkPHP\Library\Think\Hook.class.php ( 4.02 KB )
F:\phpStudy\WWW\wodeimai\ThinkPHP\Library\Think\App.class.php ( 13.23 KB )
F:\phpStudy\WWW\wodeimai\ThinkPHP\Library\Think\Dispatcher.class.php ( 14.82 KB )
F:\phpStudy\WWW\wodeimai\ThinkPHP\Library\Think\Route.class.php ( 13.38 KB )
F:\phpStudy\WWW\wodeimai\ThinkPHP\Library\Think\Controller.class.php ( 10.95 KB )
F:\phpStudy\WWW\wodeimai\ThinkPHP\Library\Think\View.class.php ( 7.96 KB )
F:\phpStudy\WWW\wodeimai\ThinkPHP\Library\Behavior\BuildLiteBehavior.class.php ( 3.69 KB )
F:\phpStudy\WWW\wodeimai\ThinkPHP\Library\Behavior\ParseTemplateBehavior.class.php ( 3.89 KB )
F:\phpStudy\WWW\wodeimai\ThinkPHP\Library\Behavior\ContentReplaceBehavior.class.php ( 1.91 KB )
F:\phpStudy\WWW\wodeimai\ThinkPHP\Conf\convention.php ( 11.18 KB )
F:\phpStudy\WWW\wodeimai\Application\Common\Conf\config.php ( 1.97 KB )
F:\phpStudy\WWW\wodeimai\Application\Common\Conf\tags.php ( 0.08 KB )
F:\phpStudy\WWW\wodeimai\ThinkPHP\Lang\zh-cn.php ( 2.57 KB )
F:\phpStudy\WWW\wodeimai\ThinkPHP\Conf\debug.php ( 1.50 KB )
F:\phpStudy\WWW\wodeimai\Application\Common\Conf\debug.php ( 1.04 KB )
F:\phpStudy\WWW\wodeimai\Application\Common\Behavior\InitHookBehavior.class.php ( 1.69 KB )
F:\phpStudy\WWW\wodeimai\ThinkPHP\Library\Think\Behavior.class.php ( 0.88 KB )
F:\phpStudy\WWW\wodeimai\ThinkPHP\Library\Think\Cache.class.php ( 3.84 KB )
F:\phpStudy\WWW\wodeimai\ThinkPHP\Library\Think\Cache\Driver\File.class.php ( 5.88 KB )
F:\phpStudy\WWW\wodeimai\Application\Admin\Conf\config.php ( 5.29 KB )
F:\phpStudy\WWW\wodeimai\Application\Admin\Common\function.php ( 13.10 KB )
F:\phpStudy\WWW\wodeimai\ThinkPHP\Library\Behavior\ReadHtmlCacheBehavior.class.php ( 5.62 KB )
F:\phpStudy\WWW\wodeimai\Application\Admin\Controller\ArticleController.class.php ( 27.58 KB )
F:\phpStudy\WWW\wodeimai\Application\Admin\Controller\AdminController.class.php ( 19.92 KB )
F:\phpStudy\WWW\wodeimai\ThinkPHP\Library\Think\Model.class.php ( 66.29 KB )
F:\phpStudy\WWW\wodeimai\ThinkPHP\Library\Think\Db.class.php ( 5.68 KB )
F:\phpStudy\WWW\wodeimai\ThinkPHP\Library\Think\Db\Driver\Mysql.class.php ( 4.84 KB )
F:\phpStudy\WWW\wodeimai\ThinkPHP\Library\Think\Db\Driver.class.php ( 39.35 KB )
F:\phpStudy\WWW\wodeimai\Application\Admin\Model\AuthGroupModel.class.php ( 10.96 KB )
F:\phpStudy\WWW\wodeimai\ThinkPHP\Library\Think\Page.class.php ( 5.67 KB )
F:\phpStudy\WWW\wodeimai\ThinkPHP\Library\Think\Template.class.php ( 28.57 KB )
F:\phpStudy\WWW\wodeimai\ThinkPHP\Library\Think\Template\TagLib\Cx.class.php ( 22.62 KB )
F:\phpStudy\WWW\wodeimai\ThinkPHP\Library\Think\Template\TagLib.class.php ( 9.19 KB )
F:\phpStudy\WWW\wodeimai\Runtime\Cache\Admin\7a4184ffe8f804b12b2e7f8851dd8f7d.php ( 24.26 KB )
F:\phpStudy\WWW\wodeimai\ThinkPHP\Library\Behavior\WriteHtmlCacheBehavior.class.php ( 0.98 KB )
F:\phpStudy\WWW\wodeimai\ThinkPHP\Library\Behavior\ShowPageTraceBehavior.class.php ( 5.27 KB )

[ 流程 ]
[ app_init ] --START--
Run Behavior\BuildLiteBehavior [ RunTime:0.001000s ]
Run Common\Behavior\InitHookBehavior [ RunTime:0.003000s ]
[ app_init ] --END-- [ RunTime:0.004000s ]
[ app_begin ] --START--
Run Behavior\ReadHtmlCacheBehavior [ RunTime:0.001000s ]
[ app_begin ] --END-- [ RunTime:0.001000s ]
[ view_parse ] --START--
[ template_filter ] --START--
Run Behavior\ContentReplaceBehavior [ RunTime:0.000000s ]
[ template_filter ] --END-- [ RunTime:0.000000s ]
Run Behavior\ParseTemplateBehavior [ RunTime:0.288000s ]
[ view_parse ] --END-- [ RunTime:0.288000s ]
[ view_filter ] --START--
Run Behavior\WriteHtmlCacheBehavior [ RunTime:0.001000s ]
[ view_filter ] --END-- [ RunTime:0.001000s ]
[ app_end ] --START--

[ 错误 ]
[8] Undefined variable: groups F:\phpStudy\WWW\wodeimai\Application\Admin\Controller\ArticleController.class.php 第 231 行.

[ SQL ]
SHOW COLUMNS FROM `wdm_menu` [ RunTime:0.0190s ]
SELECT `id`,`title`,`url` FROM `wdm_menu` WHERE `pid` = 0 AND `hide` = 0 ORDER BY sort asc  [ RunTime:0.0000s ]
SELECT `pid` FROM `wdm_menu` WHERE ( pid !=0 AND url like '%Article/index%' ) LIMIT 1   [ RunTime:0.0000s ]
SELECT * FROM `wdm_menu` WHERE `id` = 2 LIMIT 1   [ RunTime:0.0010s ]
SELECT DISTINCT  `group` FROM `wdm_menu` WHERE `group` <> '' AND `pid` = 2  [ RunTime:0.0010s ]
SELECT `id`,`url` FROM `wdm_menu` WHERE `pid` = 2 AND `hide` = 0  [ RunTime:0.0010s ]
SELECT `id`,`pid`,`title`,`url`,`tip` FROM `wdm_menu` WHERE `group` = '内容' AND `pid` = 2 AND `hide` = 0 ORDER BY sort asc  [ RunTime:0.0000s ]
SHOW COLUMNS FROM `wdm_auth_group_access` [ RunTime:0.0200s ]
SELECT `extend_id` FROM wdm_auth_group_access g INNER JOIN wdm_auth_extend c on g.group_id=c.group_id  WHERE ( g.uid='1' and c.type='1' and !isnull(extend_id) )  [ RunTime:0.0020s ]
SHOW COLUMNS FROM `wdm_category` [ RunTime:0.0130s ]
SELECT `id`,`title`,`pid`,`allow_publish` FROM `wdm_category` WHERE `status` = 1 ORDER BY pid,sort  [ RunTime:0.0000s ]
SHOW COLUMNS FROM `wdm_model` [ RunTime:0.0090s ]
SELECT * FROM `wdm_model` WHERE `name` = 'document' LIMIT 1   [ RunTime:0.0010s ]
SHOW COLUMNS FROM `wdm_document` [ RunTime:0.0100s ]
SELECT COUNT(*) AS tp_count FROM wdm_document DOCUMENT WHERE `status` IN ('0','1','2') AND `pid` = 0 LIMIT 1   [ RunTime:0.0010s ]
SELECT `id`,`title`,`type`,`update_time`,`status`,`view`,`category_id`,`model_id`,`pid` FROM wdm_document DOCUMENT WHERE `status` IN ('0','1','2') AND `pid` = 0 ORDER BY level DESC,DOCUMENT.id DESC LIMIT 0,10   [ RunTime:0.0000s ]
SELECT `extend` FROM `wdm_model` WHERE `id` = 1 LIMIT 1   [ RunTime:0.0010s ]
SHOW COLUMNS FROM `wdm_attribute` [ RunTime:0.0140s ]
SELECT `id`,`name`,`type`,`extra` FROM `wdm_attribute` WHERE `model_id` = 1  [ RunTime:0.0010s ]

[ 调试 ]


[ 2017-03-14T16:30:23+08:00 ] 127.0.0.1 /admin.php?s=/User/index.html
[ 基本 ]
请求信息:2017-03-14 16:30:22 HTTP/1.1 GET : /admin.php?s=/User/index.html
运行时间:0.2000s ( Load:0.0310s Init:0.0060s Exec:0.0400s Template:0.1230s )
吞吐率:5.00req/s
内存开销:1,580.59 kb
查询信息:11 queries 0 writes 
文件加载:45
缓存信息:2 gets 0 writes 
配置加载:166
会话信息:SESSION_ID=ev8os82hhoc60987trbhq9ia52

[ 文件 ]
F:\phpStudy\WWW\wodeimai\admin.php ( 1.18 KB )
F:\phpStudy\WWW\wodeimai\ThinkPHP\ThinkPHP.php ( 4.71 KB )
F:\phpStudy\WWW\wodeimai\ThinkPHP\Library\Think\Think.class.php ( 12.32 KB )
F:\phpStudy\WWW\wodeimai\ThinkPHP\Library\Think\Storage.class.php ( 1.38 KB )
F:\phpStudy\WWW\wodeimai\ThinkPHP\Library\Think\Storage\Driver\File.class.php ( 3.54 KB )
F:\phpStudy\WWW\wodeimai\ThinkPHP\Mode\common.php ( 2.82 KB )
F:\phpStudy\WWW\wodeimai\ThinkPHP\Common\functions.php ( 51.90 KB )
F:\phpStudy\WWW\wodeimai\ThinkPHP\Common\wdm_functions.php ( 0.86 KB )
F:\phpStudy\WWW\wodeimai\Application\Common\Common\function.php ( 30.81 KB )
F:\phpStudy\WWW\wodeimai\Application\Common\Common\wdm_functions.php ( 1.96 KB )
F:\phpStudy\WWW\wodeimai\ThinkPHP\Library\Think\Hook.class.php ( 4.02 KB )
F:\phpStudy\WWW\wodeimai\ThinkPHP\Library\Think\App.class.php ( 13.23 KB )
F:\phpStudy\WWW\wodeimai\ThinkPHP\Library\Think\Dispatcher.class.php ( 14.82 KB )
F:\phpStudy\WWW\wodeimai\ThinkPHP\Library\Think\Route.class.php ( 13.38 KB )
F:\phpStudy\WWW\wodeimai\ThinkPHP\Library\Think\Controller.class.php ( 10.95 KB )
F:\phpStudy\WWW\wodeimai\ThinkPHP\Library\Think\View.class.php ( 7.96 KB )
F:\phpStudy\WWW\wodeimai\ThinkPHP\Library\Behavior\BuildLiteBehavior.class.php ( 3.69 KB )
F:\phpStudy\WWW\wodeimai\ThinkPHP\Library\Behavior\ParseTemplateBehavior.class.php ( 3.89 KB )
F:\phpStudy\WWW\wodeimai\ThinkPHP\Library\Behavior\ContentReplaceBehavior.class.php ( 1.91 KB )
F:\phpStudy\WWW\wodeimai\ThinkPHP\Conf\convention.php ( 11.18 KB )
F:\phpStudy\WWW\wodeimai\Application\Common\Conf\config.php ( 1.97 KB )
F:\phpStudy\WWW\wodeimai\Application\Common\Conf\tags.php ( 0.08 KB )
F:\phpStudy\WWW\wodeimai\ThinkPHP\Lang\zh-cn.php ( 2.57 KB )
F:\phpStudy\WWW\wodeimai\ThinkPHP\Conf\debug.php ( 1.50 KB )
F:\phpStudy\WWW\wodeimai\Application\Common\Conf\debug.php ( 1.04 KB )
F:\phpStudy\WWW\wodeimai\Application\Common\Behavior\InitHookBehavior.class.php ( 1.69 KB )
F:\phpStudy\WWW\wodeimai\ThinkPHP\Library\Think\Behavior.class.php ( 0.88 KB )
F:\phpStudy\WWW\wodeimai\ThinkPHP\Library\Think\Cache.class.php ( 3.84 KB )
F:\phpStudy\WWW\wodeimai\ThinkPHP\Library\Think\Cache\Driver\File.class.php ( 5.88 KB )
F:\phpStudy\WWW\wodeimai\Application\Admin\Conf\config.php ( 5.29 KB )
F:\phpStudy\WWW\wodeimai\Application\Admin\Common\function.php ( 13.10 KB )
F:\phpStudy\WWW\wodeimai\ThinkPHP\Library\Behavior\ReadHtmlCacheBehavior.class.php ( 5.62 KB )
F:\phpStudy\WWW\wodeimai\Application\Admin\Controller\UserController.class.php ( 8.40 KB )
F:\phpStudy\WWW\wodeimai\Application\Admin\Controller\AdminController.class.php ( 19.92 KB )
F:\phpStudy\WWW\wodeimai\ThinkPHP\Library\Think\Model.class.php ( 66.29 KB )
F:\phpStudy\WWW\wodeimai\ThinkPHP\Library\Think\Db.class.php ( 5.68 KB )
F:\phpStudy\WWW\wodeimai\ThinkPHP\Library\Think\Db\Driver\Mysql.class.php ( 4.84 KB )
F:\phpStudy\WWW\wodeimai\ThinkPHP\Library\Think\Db\Driver.class.php ( 39.35 KB )
F:\phpStudy\WWW\wodeimai\ThinkPHP\Library\Think\Page.class.php ( 5.67 KB )
F:\phpStudy\WWW\wodeimai\ThinkPHP\Library\Think\Template.class.php ( 28.57 KB )
F:\phpStudy\WWW\wodeimai\ThinkPHP\Library\Think\Template\TagLib\Cx.class.php ( 22.62 KB )
F:\phpStudy\WWW\wodeimai\ThinkPHP\Library\Think\Template\TagLib.class.php ( 9.19 KB )
F:\phpStudy\WWW\wodeimai\Runtime\Cache\Admin\65e605872ed5d34210f5b33beb13f5a3.php ( 12.42 KB )
F:\phpStudy\WWW\wodeimai\ThinkPHP\Library\Behavior\WriteHtmlCacheBehavior.class.php ( 0.98 KB )
F:\phpStudy\WWW\wodeimai\ThinkPHP\Library\Behavior\ShowPageTraceBehavior.class.php ( 5.27 KB )

[ 流程 ]
[ app_init ] --START--
Run Behavior\BuildLiteBehavior [ RunTime:0.000000s ]
Run Common\Behavior\InitHookBehavior [ RunTime:0.002000s ]
[ app_init ] --END-- [ RunTime:0.003000s ]
[ app_begin ] --START--
Run Behavior\ReadHtmlCacheBehavior [ RunTime:0.001000s ]
[ app_begin ] --END-- [ RunTime:0.001000s ]
[ view_parse ] --START--
[ template_filter ] --START--
Run Behavior\ContentReplaceBehavior [ RunTime:0.000000s ]
[ template_filter ] --END-- [ RunTime:0.000000s ]
Run Behavior\ParseTemplateBehavior [ RunTime:0.122000s ]
[ view_parse ] --END-- [ RunTime:0.122000s ]
[ view_filter ] --START--
Run Behavior\WriteHtmlCacheBehavior [ RunTime:0.000000s ]
[ view_filter ] --END-- [ RunTime:0.000000s ]
[ app_end ] --START--

[ 错误 ]

[ SQL ]
SHOW COLUMNS FROM `wdm_menu` [ RunTime:0.0080s ]
SELECT `id`,`title`,`url` FROM `wdm_menu` WHERE `pid` = 0 AND `hide` = 0 ORDER BY sort asc  [ RunTime:0.0000s ]
SELECT `pid` FROM `wdm_menu` WHERE ( pid !=0 AND url like '%User/index%' ) LIMIT 1   [ RunTime:0.0000s ]
SELECT * FROM `wdm_menu` WHERE `id` = 16 LIMIT 1   [ RunTime:0.0010s ]
SELECT DISTINCT  `group` FROM `wdm_menu` WHERE `group` <> '' AND `pid` = 16  [ RunTime:0.0000s ]
SELECT `id`,`url` FROM `wdm_menu` WHERE `pid` = 16 AND `hide` = 0  [ RunTime:0.0000s ]
SELECT `id`,`pid`,`title`,`url`,`tip` FROM `wdm_menu` WHERE `group` = '用户管理' AND `pid` = 16 AND `hide` = 0 ORDER BY sort asc  [ RunTime:0.0000s ]
SELECT `id`,`pid`,`title`,`url`,`tip` FROM `wdm_menu` WHERE `group` = '行为管理' AND `pid` = 16 AND `hide` = 0 ORDER BY sort asc  [ RunTime:0.0000s ]
SHOW COLUMNS FROM `wdm_member` [ RunTime:0.0070s ]
SELECT COUNT(*) AS tp_count FROM `wdm_member` WHERE `status` >= 0 AND `nickname` LIKE '%%' LIMIT 1   [ RunTime:0.0000s ]
SELECT `uid`,`nickname`,`sex`,`birthday`,`qq`,`score`,`login`,`reg_ip`,`reg_time`,`last_login_ip`,`last_login_time`,`status` FROM `wdm_member` WHERE `status` >= 0 AND `nickname` LIKE '%%' ORDER BY uid desc LIMIT 0,10   [ RunTime:0.0000s ]

[ 调试 ]


[ 2017-03-14T16:30:24+08:00 ] 127.0.0.1 /admin.php?s=/Config/group.html
[ 基本 ]
请求信息:2017-03-14 16:30:24 HTTP/1.1 GET : /admin.php?s=/Config/group.html
运行时间:0.2350s ( Load:0.0360s Init:0.0080s Exec:0.0680s Template:0.1230s )
吞吐率:4.26req/s
内存开销:1,565.59 kb
查询信息:10 queries 0 writes 
文件加载:44
缓存信息:2 gets 0 writes 
配置加载:166
会话信息:SESSION_ID=ev8os82hhoc60987trbhq9ia52

[ 文件 ]
F:\phpStudy\WWW\wodeimai\admin.php ( 1.18 KB )
F:\phpStudy\WWW\wodeimai\ThinkPHP\ThinkPHP.php ( 4.71 KB )
F:\phpStudy\WWW\wodeimai\ThinkPHP\Library\Think\Think.class.php ( 12.32 KB )
F:\phpStudy\WWW\wodeimai\ThinkPHP\Library\Think\Storage.class.php ( 1.38 KB )
F:\phpStudy\WWW\wodeimai\ThinkPHP\Library\Think\Storage\Driver\File.class.php ( 3.54 KB )
F:\phpStudy\WWW\wodeimai\ThinkPHP\Mode\common.php ( 2.82 KB )
F:\phpStudy\WWW\wodeimai\ThinkPHP\Common\functions.php ( 51.90 KB )
F:\phpStudy\WWW\wodeimai\ThinkPHP\Common\wdm_functions.php ( 0.86 KB )
F:\phpStudy\WWW\wodeimai\Application\Common\Common\function.php ( 30.81 KB )
F:\phpStudy\WWW\wodeimai\Application\Common\Common\wdm_functions.php ( 1.96 KB )
F:\phpStudy\WWW\wodeimai\ThinkPHP\Library\Think\Hook.class.php ( 4.02 KB )
F:\phpStudy\WWW\wodeimai\ThinkPHP\Library\Think\App.class.php ( 13.23 KB )
F:\phpStudy\WWW\wodeimai\ThinkPHP\Library\Think\Dispatcher.class.php ( 14.82 KB )
F:\phpStudy\WWW\wodeimai\ThinkPHP\Library\Think\Route.class.php ( 13.38 KB )
F:\phpStudy\WWW\wodeimai\ThinkPHP\Library\Think\Controller.class.php ( 10.95 KB )
F:\phpStudy\WWW\wodeimai\ThinkPHP\Library\Think\View.class.php ( 7.96 KB )
F:\phpStudy\WWW\wodeimai\ThinkPHP\Library\Behavior\BuildLiteBehavior.class.php ( 3.69 KB )
F:\phpStudy\WWW\wodeimai\ThinkPHP\Library\Behavior\ParseTemplateBehavior.class.php ( 3.89 KB )
F:\phpStudy\WWW\wodeimai\ThinkPHP\Library\Behavior\ContentReplaceBehavior.class.php ( 1.91 KB )
F:\phpStudy\WWW\wodeimai\ThinkPHP\Conf\convention.php ( 11.18 KB )
F:\phpStudy\WWW\wodeimai\Application\Common\Conf\config.php ( 1.97 KB )
F:\phpStudy\WWW\wodeimai\Application\Common\Conf\tags.php ( 0.08 KB )
F:\phpStudy\WWW\wodeimai\ThinkPHP\Lang\zh-cn.php ( 2.57 KB )
F:\phpStudy\WWW\wodeimai\ThinkPHP\Conf\debug.php ( 1.50 KB )
F:\phpStudy\WWW\wodeimai\Application\Common\Conf\debug.php ( 1.04 KB )
F:\phpStudy\WWW\wodeimai\Application\Common\Behavior\InitHookBehavior.class.php ( 1.69 KB )
F:\phpStudy\WWW\wodeimai\ThinkPHP\Library\Think\Behavior.class.php ( 0.88 KB )
F:\phpStudy\WWW\wodeimai\ThinkPHP\Library\Think\Cache.class.php ( 3.84 KB )
F:\phpStudy\WWW\wodeimai\ThinkPHP\Library\Think\Cache\Driver\File.class.php ( 5.88 KB )
F:\phpStudy\WWW\wodeimai\Application\Admin\Conf\config.php ( 5.29 KB )
F:\phpStudy\WWW\wodeimai\Application\Admin\Common\function.php ( 13.10 KB )
F:\phpStudy\WWW\wodeimai\ThinkPHP\Library\Behavior\ReadHtmlCacheBehavior.class.php ( 5.62 KB )
F:\phpStudy\WWW\wodeimai\Application\Admin\Controller\ConfigController.class.php ( 5.97 KB )
F:\phpStudy\WWW\wodeimai\Application\Admin\Controller\AdminController.class.php ( 19.92 KB )
F:\phpStudy\WWW\wodeimai\ThinkPHP\Library\Think\Model.class.php ( 66.29 KB )
F:\phpStudy\WWW\wodeimai\ThinkPHP\Library\Think\Db.class.php ( 5.68 KB )
F:\phpStudy\WWW\wodeimai\ThinkPHP\Library\Think\Db\Driver\Mysql.class.php ( 4.84 KB )
F:\phpStudy\WWW\wodeimai\ThinkPHP\Library\Think\Db\Driver.class.php ( 39.35 KB )
F:\phpStudy\WWW\wodeimai\ThinkPHP\Library\Think\Template.class.php ( 28.57 KB )
F:\phpStudy\WWW\wodeimai\ThinkPHP\Library\Think\Template\TagLib\Cx.class.php ( 22.62 KB )
F:\phpStudy\WWW\wodeimai\ThinkPHP\Library\Think\Template\TagLib.class.php ( 9.19 KB )
F:\phpStudy\WWW\wodeimai\Runtime\Cache\Admin\e915606f4666252950bacf14eab57f78.php ( 11.54 KB )
F:\phpStudy\WWW\wodeimai\ThinkPHP\Library\Behavior\WriteHtmlCacheBehavior.class.php ( 0.98 KB )
F:\phpStudy\WWW\wodeimai\ThinkPHP\Library\Behavior\ShowPageTraceBehavior.class.php ( 5.27 KB )

[ 流程 ]
[ app_init ] --START--
Run Behavior\BuildLiteBehavior [ RunTime:0.000000s ]
Run Common\Behavior\InitHookBehavior [ RunTime:0.003000s ]
[ app_init ] --END-- [ RunTime:0.003000s ]
[ app_begin ] --START--
Run Behavior\ReadHtmlCacheBehavior [ RunTime:0.001000s ]
[ app_begin ] --END-- [ RunTime:0.001000s ]
[ view_parse ] --START--
[ template_filter ] --START--
Run Behavior\ContentReplaceBehavior [ RunTime:0.000000s ]
[ template_filter ] --END-- [ RunTime:0.000000s ]
Run Behavior\ParseTemplateBehavior [ RunTime:0.122000s ]
[ view_parse ] --END-- [ RunTime:0.122000s ]
[ view_filter ] --START--
Run Behavior\WriteHtmlCacheBehavior [ RunTime:0.000000s ]
[ view_filter ] --END-- [ RunTime:0.000000s ]
[ app_end ] --START--

[ 错误 ]

[ SQL ]
SHOW COLUMNS FROM `wdm_menu` [ RunTime:0.0200s ]
SELECT `id`,`title`,`url` FROM `wdm_menu` WHERE `pid` = 0 AND `hide` = 0 ORDER BY sort asc  [ RunTime:0.0010s ]
SELECT `pid` FROM `wdm_menu` WHERE ( pid !=0 AND url like '%Config/group%' ) LIMIT 1   [ RunTime:0.0020s ]
SELECT * FROM `wdm_menu` WHERE `id` = 68 LIMIT 1   [ RunTime:0.0010s ]
SELECT DISTINCT  `group` FROM `wdm_menu` WHERE `group` <> '' AND `pid` = 68  [ RunTime:0.0010s ]
SELECT `id`,`url` FROM `wdm_menu` WHERE `pid` = 68 AND `hide` = 0  [ RunTime:0.0010s ]
SELECT `id`,`pid`,`title`,`url`,`tip` FROM `wdm_menu` WHERE `group` = '系统设置' AND `pid` = 68 AND `hide` = 0 ORDER BY sort asc  [ RunTime:0.0010s ]
SELECT `id`,`pid`,`title`,`url`,`tip` FROM `wdm_menu` WHERE `group` = '数据备份' AND `pid` = 68 AND `hide` = 0 ORDER BY sort asc  [ RunTime:0.0010s ]
SHOW COLUMNS FROM `wdm_config` [ RunTime:0.0150s ]
SELECT `id`,`name`,`title`,`extra`,`value`,`remark`,`type` FROM `wdm_config` WHERE `status` = 1 AND `group` = 1 ORDER BY sort  [ RunTime:0.0010s ]

[ 调试 ]


[ 2017-03-14T16:30:27+08:00 ] 127.0.0.1 /admin.php?s=/Addons/index.html
[ 基本 ]
请求信息:2017-03-14 16:30:26 HTTP/1.1 GET : /admin.php?s=/Addons/index.html
运行时间:0.2290s ( Load:0.0380s Init:0.0060s Exec:0.0420s Template:0.1430s )
吞吐率:4.37req/s
内存开销:1,773.73 kb
查询信息:18 queries 0 writes 
文件加载:54
缓存信息:2 gets 0 writes 
配置加载:166
会话信息:SESSION_ID=ev8os82hhoc60987trbhq9ia52

[ 文件 ]
F:\phpStudy\WWW\wodeimai\admin.php ( 1.18 KB )
F:\phpStudy\WWW\wodeimai\ThinkPHP\ThinkPHP.php ( 4.71 KB )
F:\phpStudy\WWW\wodeimai\ThinkPHP\Library\Think\Think.class.php ( 12.32 KB )
F:\phpStudy\WWW\wodeimai\ThinkPHP\Library\Think\Storage.class.php ( 1.38 KB )
F:\phpStudy\WWW\wodeimai\ThinkPHP\Library\Think\Storage\Driver\File.class.php ( 3.54 KB )
F:\phpStudy\WWW\wodeimai\ThinkPHP\Mode\common.php ( 2.82 KB )
F:\phpStudy\WWW\wodeimai\ThinkPHP\Common\functions.php ( 51.90 KB )
F:\phpStudy\WWW\wodeimai\ThinkPHP\Common\wdm_functions.php ( 0.86 KB )
F:\phpStudy\WWW\wodeimai\Application\Common\Common\function.php ( 30.81 KB )
F:\phpStudy\WWW\wodeimai\Application\Common\Common\wdm_functions.php ( 1.96 KB )
F:\phpStudy\WWW\wodeimai\ThinkPHP\Library\Think\Hook.class.php ( 4.02 KB )
F:\phpStudy\WWW\wodeimai\ThinkPHP\Library\Think\App.class.php ( 13.23 KB )
F:\phpStudy\WWW\wodeimai\ThinkPHP\Library\Think\Dispatcher.class.php ( 14.82 KB )
F:\phpStudy\WWW\wodeimai\ThinkPHP\Library\Think\Route.class.php ( 13.38 KB )
F:\phpStudy\WWW\wodeimai\ThinkPHP\Library\Think\Controller.class.php ( 10.95 KB )
F:\phpStudy\WWW\wodeimai\ThinkPHP\Library\Think\View.class.php ( 7.96 KB )
F:\phpStudy\WWW\wodeimai\ThinkPHP\Library\Behavior\BuildLiteBehavior.class.php ( 3.69 KB )
F:\phpStudy\WWW\wodeimai\ThinkPHP\Library\Behavior\ParseTemplateBehavior.class.php ( 3.89 KB )
F:\phpStudy\WWW\wodeimai\ThinkPHP\Library\Behavior\ContentReplaceBehavior.class.php ( 1.91 KB )
F:\phpStudy\WWW\wodeimai\ThinkPHP\Conf\convention.php ( 11.18 KB )
F:\phpStudy\WWW\wodeimai\Application\Common\Conf\config.php ( 1.97 KB )
F:\phpStudy\WWW\wodeimai\Application\Common\Conf\tags.php ( 0.08 KB )
F:\phpStudy\WWW\wodeimai\ThinkPHP\Lang\zh-cn.php ( 2.57 KB )
F:\phpStudy\WWW\wodeimai\ThinkPHP\Conf\debug.php ( 1.50 KB )
F:\phpStudy\WWW\wodeimai\Application\Common\Conf\debug.php ( 1.04 KB )
F:\phpStudy\WWW\wodeimai\Application\Common\Behavior\InitHookBehavior.class.php ( 1.69 KB )
F:\phpStudy\WWW\wodeimai\ThinkPHP\Library\Think\Behavior.class.php ( 0.88 KB )
F:\phpStudy\WWW\wodeimai\ThinkPHP\Library\Think\Cache.class.php ( 3.84 KB )
F:\phpStudy\WWW\wodeimai\ThinkPHP\Library\Think\Cache\Driver\File.class.php ( 5.88 KB )
F:\phpStudy\WWW\wodeimai\Application\Admin\Conf\config.php ( 5.29 KB )
F:\phpStudy\WWW\wodeimai\Application\Admin\Common\function.php ( 13.10 KB )
F:\phpStudy\WWW\wodeimai\ThinkPHP\Library\Behavior\ReadHtmlCacheBehavior.class.php ( 5.62 KB )
F:\phpStudy\WWW\wodeimai\Application\Admin\Controller\AddonsController.class.php ( 23.98 KB )
F:\phpStudy\WWW\wodeimai\Application\Admin\Controller\AdminController.class.php ( 19.92 KB )
F:\phpStudy\WWW\wodeimai\Application\Admin\Model\AddonsModel.class.php ( 2.88 KB )
F:\phpStudy\WWW\wodeimai\ThinkPHP\Library\Think\Model.class.php ( 66.29 KB )
F:\phpStudy\WWW\wodeimai\ThinkPHP\Library\Think\Db.class.php ( 5.68 KB )
F:\phpStudy\WWW\wodeimai\ThinkPHP\Library\Think\Db\Driver\Mysql.class.php ( 4.84 KB )
F:\phpStudy\WWW\wodeimai\ThinkPHP\Library\Think\Db\Driver.class.php ( 39.35 KB )
F:\phpStudy\WWW\wodeimai\ThinkPHP\Library\Think\Page.class.php ( 5.67 KB )
F:\phpStudy\WWW\wodeimai\ThinkPHP\Library\Think\Template.class.php ( 28.57 KB )
F:\phpStudy\WWW\wodeimai\ThinkPHP\Library\Think\Template\TagLib\Cx.class.php ( 22.62 KB )
F:\phpStudy\WWW\wodeimai\ThinkPHP\Library\Think\Template\TagLib.class.php ( 9.19 KB )
F:\phpStudy\WWW\wodeimai\Runtime\Cache\Admin\50122fa2bddc1c4a2751081bf5f0b5dc.php ( 11.10 KB )
F:\phpStudy\WWW\wodeimai\Addons\Attachment\AttachmentAddon.class.php ( 3.11 KB )
F:\phpStudy\WWW\wodeimai\Application\Common\Controller\Addon.class.php ( 4.70 KB )
F:\phpStudy\WWW\wodeimai\Addons\SocialComment\SocialCommentAddon.class.php ( 1.34 KB )
F:\phpStudy\WWW\wodeimai\Addons\Editor\EditorAddon.class.php ( 1.61 KB )
F:\phpStudy\WWW\wodeimai\Addons\SystemInfo\SystemInfoAddon.class.php ( 2.55 KB )
F:\phpStudy\WWW\wodeimai\Addons\SiteStat\SiteStatAddon.class.php ( 1.57 KB )
F:\phpStudy\WWW\wodeimai\Addons\DevTeam\DevTeamAddon.class.php ( 1.33 KB )
F:\phpStudy\WWW\wodeimai\Addons\EditorForAdmin\EditorForAdminAddon.class.php ( 1.33 KB )
F:\phpStudy\WWW\wodeimai\ThinkPHP\Library\Behavior\WriteHtmlCacheBehavior.class.php ( 0.98 KB )
F:\phpStudy\WWW\wodeimai\ThinkPHP\Library\Behavior\ShowPageTraceBehavior.class.php ( 5.27 KB )

[ 流程 ]
[ app_init ] --START--
Run Behavior\BuildLiteBehavior [ RunTime:0.000000s ]
Run Common\Behavior\InitHookBehavior [ RunTime:0.002000s ]
[ app_init ] --END-- [ RunTime:0.002000s ]
[ app_begin ] --START--
Run Behavior\ReadHtmlCacheBehavior [ RunTime:0.000000s ]
[ app_begin ] --END-- [ RunTime:0.001000s ]
[ view_parse ] --START--
[ template_filter ] --START--
Run Behavior\ContentReplaceBehavior [ RunTime:0.000000s ]
[ template_filter ] --END-- [ RunTime:0.000000s ]
Run Behavior\ParseTemplateBehavior [ RunTime:0.142000s ]
[ view_parse ] --END-- [ RunTime:0.142000s ]
[ view_filter ] --START--
Run Behavior\WriteHtmlCacheBehavior [ RunTime:0.000000s ]
[ view_filter ] --END-- [ RunTime:0.000000s ]
[ app_end ] --START--

[ 错误 ]

[ SQL ]
SHOW COLUMNS FROM `wdm_addons` [ RunTime:0.0130s ]
SELECT `title`,`name` FROM `wdm_addons` WHERE ( status=1 AND has_adminlist=1 )  [ RunTime:0.0000s ]
SHOW COLUMNS FROM `wdm_menu` [ RunTime:0.0080s ]
SELECT `id`,`title`,`url` FROM `wdm_menu` WHERE `pid` = 0 AND `hide` = 0 ORDER BY sort asc  [ RunTime:0.0000s ]
SELECT `pid` FROM `wdm_menu` WHERE ( pid !=0 AND url like '%Addons/index%' ) LIMIT 1   [ RunTime:0.0000s ]
SELECT * FROM `wdm_menu` WHERE `id` = 43 LIMIT 1   [ RunTime:0.0010s ]
SELECT DISTINCT  `group` FROM `wdm_menu` WHERE `group` <> '' AND `pid` = 43  [ RunTime:0.0000s ]
SELECT `id`,`url` FROM `wdm_menu` WHERE `pid` = 43 AND `hide` = 0  [ RunTime:0.0010s ]
SELECT `id`,`pid`,`title`,`url`,`tip` FROM `wdm_menu` WHERE `group` = '扩展' AND `pid` = 43 AND `hide` = 0 ORDER BY sort asc  [ RunTime:0.0000s ]
SELECT `id`,`name`,`title`,`description`,`status`,`config`,`author`,`version`,`create_time`,`has_adminlist` FROM `wdm_addons` WHERE `name` IN ('Attachment','DevTeam','Editor','EditorForAdmin','SiteStat','SocialComment','SystemInfo')  [ RunTime:0.0000s ]
SHOW COLUMNS FROM `wdm_addons` [ RunTime:0.0050s ]
SELECT `config` FROM `wdm_addons` WHERE `name` = 'Attachment' AND `status` = 1 LIMIT 1   [ RunTime:0.0000s ]
SELECT `config` FROM `wdm_addons` WHERE `name` = 'SocialComment' AND `status` = 1 LIMIT 1   [ RunTime:0.0000s ]
SELECT `config` FROM `wdm_addons` WHERE `name` = 'Editor' AND `status` = 1 LIMIT 1   [ RunTime:0.0000s ]
SELECT `config` FROM `wdm_addons` WHERE `name` = 'SystemInfo' AND `status` = 1 LIMIT 1   [ RunTime:0.0000s ]
SELECT `config` FROM `wdm_addons` WHERE `name` = 'SiteStat' AND `status` = 1 LIMIT 1   [ RunTime:0.0000s ]
SELECT `config` FROM `wdm_addons` WHERE `name` = 'DevTeam' AND `status` = 1 LIMIT 1   [ RunTime:0.0000s ]
SELECT `config` FROM `wdm_addons` WHERE `name` = 'EditorForAdmin' AND `status` = 1 LIMIT 1   [ RunTime:0.0010s ]

[ 调试 ]


[ 2017-03-14T16:30:28+08:00 ] 127.0.0.1 /admin.php?s=/Config/group.html
[ 基本 ]
请求信息:2017-03-14 16:30:28 HTTP/1.1 GET : /admin.php?s=/Config/group.html
运行时间:0.2410s ( Load:0.0250s Init:0.0060s Exec:0.0450s Template:0.1650s )
吞吐率:4.15req/s
内存开销:1,570.00 kb
查询信息:10 queries 0 writes 
文件加载:44
缓存信息:2 gets 0 writes 
配置加载:166
会话信息:SESSION_ID=ev8os82hhoc60987trbhq9ia52

[ 文件 ]
F:\phpStudy\WWW\wodeimai\admin.php ( 1.18 KB )
F:\phpStudy\WWW\wodeimai\ThinkPHP\ThinkPHP.php ( 4.71 KB )
F:\phpStudy\WWW\wodeimai\ThinkPHP\Library\Think\Think.class.php ( 12.32 KB )
F:\phpStudy\WWW\wodeimai\ThinkPHP\Library\Think\Storage.class.php ( 1.38 KB )
F:\phpStudy\WWW\wodeimai\ThinkPHP\Library\Think\Storage\Driver\File.class.php ( 3.54 KB )
F:\phpStudy\WWW\wodeimai\ThinkPHP\Mode\common.php ( 2.82 KB )
F:\phpStudy\WWW\wodeimai\ThinkPHP\Common\functions.php ( 51.90 KB )
F:\phpStudy\WWW\wodeimai\ThinkPHP\Common\wdm_functions.php ( 0.86 KB )
F:\phpStudy\WWW\wodeimai\Application\Common\Common\function.php ( 30.81 KB )
F:\phpStudy\WWW\wodeimai\Application\Common\Common\wdm_functions.php ( 1.96 KB )
F:\phpStudy\WWW\wodeimai\ThinkPHP\Library\Think\Hook.class.php ( 4.02 KB )
F:\phpStudy\WWW\wodeimai\ThinkPHP\Library\Think\App.class.php ( 13.23 KB )
F:\phpStudy\WWW\wodeimai\ThinkPHP\Library\Think\Dispatcher.class.php ( 14.82 KB )
F:\phpStudy\WWW\wodeimai\ThinkPHP\Library\Think\Route.class.php ( 13.38 KB )
F:\phpStudy\WWW\wodeimai\ThinkPHP\Library\Think\Controller.class.php ( 10.95 KB )
F:\phpStudy\WWW\wodeimai\ThinkPHP\Library\Think\View.class.php ( 7.96 KB )
F:\phpStudy\WWW\wodeimai\ThinkPHP\Library\Behavior\BuildLiteBehavior.class.php ( 3.69 KB )
F:\phpStudy\WWW\wodeimai\ThinkPHP\Library\Behavior\ParseTemplateBehavior.class.php ( 3.89 KB )
F:\phpStudy\WWW\wodeimai\ThinkPHP\Library\Behavior\ContentReplaceBehavior.class.php ( 1.91 KB )
F:\phpStudy\WWW\wodeimai\ThinkPHP\Conf\convention.php ( 11.18 KB )
F:\phpStudy\WWW\wodeimai\Application\Common\Conf\config.php ( 1.97 KB )
F:\phpStudy\WWW\wodeimai\Application\Common\Conf\tags.php ( 0.08 KB )
F:\phpStudy\WWW\wodeimai\ThinkPHP\Lang\zh-cn.php ( 2.57 KB )
F:\phpStudy\WWW\wodeimai\ThinkPHP\Conf\debug.php ( 1.50 KB )
F:\phpStudy\WWW\wodeimai\Application\Common\Conf\debug.php ( 1.04 KB )
F:\phpStudy\WWW\wodeimai\Application\Common\Behavior\InitHookBehavior.class.php ( 1.69 KB )
F:\phpStudy\WWW\wodeimai\ThinkPHP\Library\Think\Behavior.class.php ( 0.88 KB )
F:\phpStudy\WWW\wodeimai\ThinkPHP\Library\Think\Cache.class.php ( 3.84 KB )
F:\phpStudy\WWW\wodeimai\ThinkPHP\Library\Think\Cache\Driver\File.class.php ( 5.88 KB )
F:\phpStudy\WWW\wodeimai\Application\Admin\Conf\config.php ( 5.29 KB )
F:\phpStudy\WWW\wodeimai\Application\Admin\Common\function.php ( 13.10 KB )
F:\phpStudy\WWW\wodeimai\ThinkPHP\Library\Behavior\ReadHtmlCacheBehavior.class.php ( 5.62 KB )
F:\phpStudy\WWW\wodeimai\Application\Admin\Controller\ConfigController.class.php ( 5.97 KB )
F:\phpStudy\WWW\wodeimai\Application\Admin\Controller\AdminController.class.php ( 19.92 KB )
F:\phpStudy\WWW\wodeimai\ThinkPHP\Library\Think\Model.class.php ( 66.29 KB )
F:\phpStudy\WWW\wodeimai\ThinkPHP\Library\Think\Db.class.php ( 5.68 KB )
F:\phpStudy\WWW\wodeimai\ThinkPHP\Library\Think\Db\Driver\Mysql.class.php ( 4.84 KB )
F:\phpStudy\WWW\wodeimai\ThinkPHP\Library\Think\Db\Driver.class.php ( 39.35 KB )
F:\phpStudy\WWW\wodeimai\ThinkPHP\Library\Think\Template.class.php ( 28.57 KB )
F:\phpStudy\WWW\wodeimai\ThinkPHP\Library\Think\Template\TagLib\Cx.class.php ( 22.62 KB )
F:\phpStudy\WWW\wodeimai\ThinkPHP\Library\Think\Template\TagLib.class.php ( 9.19 KB )
F:\phpStudy\WWW\wodeimai\Runtime\Cache\Admin\e915606f4666252950bacf14eab57f78.php ( 11.54 KB )
F:\phpStudy\WWW\wodeimai\ThinkPHP\Library\Behavior\WriteHtmlCacheBehavior.class.php ( 0.98 KB )
F:\phpStudy\WWW\wodeimai\ThinkPHP\Library\Behavior\ShowPageTraceBehavior.class.php ( 5.27 KB )

[ 流程 ]
[ app_init ] --START--
Run Behavior\BuildLiteBehavior [ RunTime:0.000000s ]
Run Common\Behavior\InitHookBehavior [ RunTime:0.002000s ]
[ app_init ] --END-- [ RunTime:0.002000s ]
[ app_begin ] --START--
Run Behavior\ReadHtmlCacheBehavior [ RunTime:0.001000s ]
[ app_begin ] --END-- [ RunTime:0.001000s ]
[ view_parse ] --START--
[ template_filter ] --START--
Run Behavior\ContentReplaceBehavior [ RunTime:0.000000s ]
[ template_filter ] --END-- [ RunTime:0.000000s ]
Run Behavior\ParseTemplateBehavior [ RunTime:0.163000s ]
[ view_parse ] --END-- [ RunTime:0.163000s ]
[ view_filter ] --START--
Run Behavior\WriteHtmlCacheBehavior [ RunTime:0.000000s ]
[ view_filter ] --END-- [ RunTime:0.001000s ]
[ app_end ] --START--

[ 错误 ]

[ SQL ]
SHOW COLUMNS FROM `wdm_menu` [ RunTime:0.0150s ]
SELECT `id`,`title`,`url` FROM `wdm_menu` WHERE `pid` = 0 AND `hide` = 0 ORDER BY sort asc  [ RunTime:0.0000s ]
SELECT `pid` FROM `wdm_menu` WHERE ( pid !=0 AND url like '%Config/group%' ) LIMIT 1   [ RunTime:0.0020s ]
SELECT * FROM `wdm_menu` WHERE `id` = 68 LIMIT 1   [ RunTime:0.0000s ]
SELECT DISTINCT  `group` FROM `wdm_menu` WHERE `group` <> '' AND `pid` = 68  [ RunTime:0.0010s ]
SELECT `id`,`url` FROM `wdm_menu` WHERE `pid` = 68 AND `hide` = 0  [ RunTime:0.0010s ]
SELECT `id`,`pid`,`title`,`url`,`tip` FROM `wdm_menu` WHERE `group` = '系统设置' AND `pid` = 68 AND `hide` = 0 ORDER BY sort asc  [ RunTime:0.0010s ]
SELECT `id`,`pid`,`title`,`url`,`tip` FROM `wdm_menu` WHERE `group` = '数据备份' AND `pid` = 68 AND `hide` = 0 ORDER BY sort asc  [ RunTime:0.0000s ]
SHOW COLUMNS FROM `wdm_config` [ RunTime:0.0110s ]
SELECT `id`,`name`,`title`,`extra`,`value`,`remark`,`type` FROM `wdm_config` WHERE `status` = 1 AND `group` = 1 ORDER BY sort  [ RunTime:0.0010s ]

[ 调试 ]


[ 2017-03-14T16:30:31+08:00 ] 127.0.0.1 /admin.php?s=/User/index.html
[ 基本 ]
请求信息:2017-03-14 16:30:31 HTTP/1.1 GET : /admin.php?s=/User/index.html
运行时间:0.2790s ( Load:0.0370s Init:0.0070s Exec:0.0510s Template:0.1840s )
吞吐率:3.58req/s
内存开销:1,593.60 kb
查询信息:11 queries 0 writes 
文件加载:45
缓存信息:2 gets 0 writes 
配置加载:166
会话信息:SESSION_ID=ev8os82hhoc60987trbhq9ia52

[ 文件 ]
F:\phpStudy\WWW\wodeimai\admin.php ( 1.18 KB )
F:\phpStudy\WWW\wodeimai\ThinkPHP\ThinkPHP.php ( 4.71 KB )
F:\phpStudy\WWW\wodeimai\ThinkPHP\Library\Think\Think.class.php ( 12.32 KB )
F:\phpStudy\WWW\wodeimai\ThinkPHP\Library\Think\Storage.class.php ( 1.38 KB )
F:\phpStudy\WWW\wodeimai\ThinkPHP\Library\Think\Storage\Driver\File.class.php ( 3.54 KB )
F:\phpStudy\WWW\wodeimai\ThinkPHP\Mode\common.php ( 2.82 KB )
F:\phpStudy\WWW\wodeimai\ThinkPHP\Common\functions.php ( 51.90 KB )
F:\phpStudy\WWW\wodeimai\ThinkPHP\Common\wdm_functions.php ( 0.86 KB )
F:\phpStudy\WWW\wodeimai\Application\Common\Common\function.php ( 30.81 KB )
F:\phpStudy\WWW\wodeimai\Application\Common\Common\wdm_functions.php ( 1.96 KB )
F:\phpStudy\WWW\wodeimai\ThinkPHP\Library\Think\Hook.class.php ( 4.02 KB )
F:\phpStudy\WWW\wodeimai\ThinkPHP\Library\Think\App.class.php ( 13.23 KB )
F:\phpStudy\WWW\wodeimai\ThinkPHP\Library\Think\Dispatcher.class.php ( 14.82 KB )
F:\phpStudy\WWW\wodeimai\ThinkPHP\Library\Think\Route.class.php ( 13.38 KB )
F:\phpStudy\WWW\wodeimai\ThinkPHP\Library\Think\Controller.class.php ( 10.95 KB )
F:\phpStudy\WWW\wodeimai\ThinkPHP\Library\Think\View.class.php ( 7.96 KB )
F:\phpStudy\WWW\wodeimai\ThinkPHP\Library\Behavior\BuildLiteBehavior.class.php ( 3.69 KB )
F:\phpStudy\WWW\wodeimai\ThinkPHP\Library\Behavior\ParseTemplateBehavior.class.php ( 3.89 KB )
F:\phpStudy\WWW\wodeimai\ThinkPHP\Library\Behavior\ContentReplaceBehavior.class.php ( 1.91 KB )
F:\phpStudy\WWW\wodeimai\ThinkPHP\Conf\convention.php ( 11.18 KB )
F:\phpStudy\WWW\wodeimai\Application\Common\Conf\config.php ( 1.97 KB )
F:\phpStudy\WWW\wodeimai\Application\Common\Conf\tags.php ( 0.08 KB )
F:\phpStudy\WWW\wodeimai\ThinkPHP\Lang\zh-cn.php ( 2.57 KB )
F:\phpStudy\WWW\wodeimai\ThinkPHP\Conf\debug.php ( 1.50 KB )
F:\phpStudy\WWW\wodeimai\Application\Common\Conf\debug.php ( 1.04 KB )
F:\phpStudy\WWW\wodeimai\Application\Common\Behavior\InitHookBehavior.class.php ( 1.69 KB )
F:\phpStudy\WWW\wodeimai\ThinkPHP\Library\Think\Behavior.class.php ( 0.88 KB )
F:\phpStudy\WWW\wodeimai\ThinkPHP\Library\Think\Cache.class.php ( 3.84 KB )
F:\phpStudy\WWW\wodeimai\ThinkPHP\Library\Think\Cache\Driver\File.class.php ( 5.88 KB )
F:\phpStudy\WWW\wodeimai\Application\Admin\Conf\config.php ( 5.29 KB )
F:\phpStudy\WWW\wodeimai\Application\Admin\Common\function.php ( 13.10 KB )
F:\phpStudy\WWW\wodeimai\ThinkPHP\Library\Behavior\ReadHtmlCacheBehavior.class.php ( 5.62 KB )
F:\phpStudy\WWW\wodeimai\Application\Admin\Controller\UserController.class.php ( 8.40 KB )
F:\phpStudy\WWW\wodeimai\Application\Admin\Controller\AdminController.class.php ( 19.92 KB )
F:\phpStudy\WWW\wodeimai\ThinkPHP\Library\Think\Model.class.php ( 66.29 KB )
F:\phpStudy\WWW\wodeimai\ThinkPHP\Library\Think\Db.class.php ( 5.68 KB )
F:\phpStudy\WWW\wodeimai\ThinkPHP\Library\Think\Db\Driver\Mysql.class.php ( 4.84 KB )
F:\phpStudy\WWW\wodeimai\ThinkPHP\Library\Think\Db\Driver.class.php ( 39.35 KB )
F:\phpStudy\WWW\wodeimai\ThinkPHP\Library\Think\Page.class.php ( 5.67 KB )
F:\phpStudy\WWW\wodeimai\ThinkPHP\Library\Think\Template.class.php ( 28.57 KB )
F:\phpStudy\WWW\wodeimai\ThinkPHP\Library\Think\Template\TagLib\Cx.class.php ( 22.62 KB )
F:\phpStudy\WWW\wodeimai\ThinkPHP\Library\Think\Template\TagLib.class.php ( 9.19 KB )
F:\phpStudy\WWW\wodeimai\Runtime\Cache\Admin\65e605872ed5d34210f5b33beb13f5a3.php ( 12.42 KB )
F:\phpStudy\WWW\wodeimai\ThinkPHP\Library\Behavior\WriteHtmlCacheBehavior.class.php ( 0.98 KB )
F:\phpStudy\WWW\wodeimai\ThinkPHP\Library\Behavior\ShowPageTraceBehavior.class.php ( 5.27 KB )

[ 流程 ]
[ app_init ] --START--
Run Behavior\BuildLiteBehavior [ RunTime:0.000000s ]
Run Common\Behavior\InitHookBehavior [ RunTime:0.002000s ]
[ app_init ] --END-- [ RunTime:0.003000s ]
[ app_begin ] --START--
Run Behavior\ReadHtmlCacheBehavior [ RunTime:0.001000s ]
[ app_begin ] --END-- [ RunTime:0.001000s ]
[ view_parse ] --START--
[ template_filter ] --START--
Run Behavior\ContentReplaceBehavior [ RunTime:0.000000s ]
[ template_filter ] --END-- [ RunTime:0.000000s ]
Run Behavior\ParseTemplateBehavior [ RunTime:0.182000s ]
[ view_parse ] --END-- [ RunTime:0.182000s ]
[ view_filter ] --START--
Run Behavior\WriteHtmlCacheBehavior [ RunTime:0.000000s ]
[ view_filter ] --END-- [ RunTime:0.000000s ]
[ app_end ] --START--

[ 错误 ]

[ SQL ]
SHOW COLUMNS FROM `wdm_menu` [ RunTime:0.0170s ]
SELECT `id`,`title`,`url` FROM `wdm_menu` WHERE `pid` = 0 AND `hide` = 0 ORDER BY sort asc  [ RunTime:0.0010s ]
SELECT `pid` FROM `wdm_menu` WHERE ( pid !=0 AND url like '%User/index%' ) LIMIT 1   [ RunTime:0.0010s ]
SELECT * FROM `wdm_menu` WHERE `id` = 16 LIMIT 1   [ RunTime:0.0000s ]
SELECT DISTINCT  `group` FROM `wdm_menu` WHERE `group` <> '' AND `pid` = 16  [ RunTime:0.0000s ]
SELECT `id`,`url` FROM `wdm_menu` WHERE `pid` = 16 AND `hide` = 0  [ RunTime:0.0000s ]
SELECT `id`,`pid`,`title`,`url`,`tip` FROM `wdm_menu` WHERE `group` = '用户管理' AND `pid` = 16 AND `hide` = 0 ORDER BY sort asc  [ RunTime:0.0010s ]
SELECT `id`,`pid`,`title`,`url`,`tip` FROM `wdm_menu` WHERE `group` = '行为管理' AND `pid` = 16 AND `hide` = 0 ORDER BY sort asc  [ RunTime:0.0010s ]
SHOW COLUMNS FROM `wdm_member` [ RunTime:0.0130s ]
SELECT COUNT(*) AS tp_count FROM `wdm_member` WHERE `status` >= 0 AND `nickname` LIKE '%%' LIMIT 1   [ RunTime:0.0000s ]
SELECT `uid`,`nickname`,`sex`,`birthday`,`qq`,`score`,`login`,`reg_ip`,`reg_time`,`last_login_ip`,`last_login_time`,`status` FROM `wdm_member` WHERE `status` >= 0 AND `nickname` LIKE '%%' ORDER BY uid desc LIMIT 0,10   [ RunTime:0.0000s ]

[ 调试 ]


[ 2017-03-14T16:30:33+08:00 ] 127.0.0.1 /admin.php?s=/Article/index.html
[ 基本 ]
请求信息:2017-03-14 16:30:33 HTTP/1.1 GET : /admin.php?s=/Article/index.html
运行时间:0.3590s ( Load:0.0180s Init:0.0040s Exec:0.0650s Template:0.2720s )
吞吐率:2.79req/s
内存开销:1,783.80 kb
查询信息:19 queries 0 writes 
文件加载:46
缓存信息:2 gets 0 writes 
配置加载:166
会话信息:SESSION_ID=ev8os82hhoc60987trbhq9ia52

[ 文件 ]
F:\phpStudy\WWW\wodeimai\admin.php ( 1.18 KB )
F:\phpStudy\WWW\wodeimai\ThinkPHP\ThinkPHP.php ( 4.71 KB )
F:\phpStudy\WWW\wodeimai\ThinkPHP\Library\Think\Think.class.php ( 12.32 KB )
F:\phpStudy\WWW\wodeimai\ThinkPHP\Library\Think\Storage.class.php ( 1.38 KB )
F:\phpStudy\WWW\wodeimai\ThinkPHP\Library\Think\Storage\Driver\File.class.php ( 3.54 KB )
F:\phpStudy\WWW\wodeimai\ThinkPHP\Mode\common.php ( 2.82 KB )
F:\phpStudy\WWW\wodeimai\ThinkPHP\Common\functions.php ( 51.90 KB )
F:\phpStudy\WWW\wodeimai\ThinkPHP\Common\wdm_functions.php ( 0.86 KB )
F:\phpStudy\WWW\wodeimai\Application\Common\Common\function.php ( 30.81 KB )
F:\phpStudy\WWW\wodeimai\Application\Common\Common\wdm_functions.php ( 1.96 KB )
F:\phpStudy\WWW\wodeimai\ThinkPHP\Library\Think\Hook.class.php ( 4.02 KB )
F:\phpStudy\WWW\wodeimai\ThinkPHP\Library\Think\App.class.php ( 13.23 KB )
F:\phpStudy\WWW\wodeimai\ThinkPHP\Library\Think\Dispatcher.class.php ( 14.82 KB )
F:\phpStudy\WWW\wodeimai\ThinkPHP\Library\Think\Route.class.php ( 13.38 KB )
F:\phpStudy\WWW\wodeimai\ThinkPHP\Library\Think\Controller.class.php ( 10.95 KB )
F:\phpStudy\WWW\wodeimai\ThinkPHP\Library\Think\View.class.php ( 7.96 KB )
F:\phpStudy\WWW\wodeimai\ThinkPHP\Library\Behavior\BuildLiteBehavior.class.php ( 3.69 KB )
F:\phpStudy\WWW\wodeimai\ThinkPHP\Library\Behavior\ParseTemplateBehavior.class.php ( 3.89 KB )
F:\phpStudy\WWW\wodeimai\ThinkPHP\Library\Behavior\ContentReplaceBehavior.class.php ( 1.91 KB )
F:\phpStudy\WWW\wodeimai\ThinkPHP\Conf\convention.php ( 11.18 KB )
F:\phpStudy\WWW\wodeimai\Application\Common\Conf\config.php ( 1.97 KB )
F:\phpStudy\WWW\wodeimai\Application\Common\Conf\tags.php ( 0.08 KB )
F:\phpStudy\WWW\wodeimai\ThinkPHP\Lang\zh-cn.php ( 2.57 KB )
F:\phpStudy\WWW\wodeimai\ThinkPHP\Conf\debug.php ( 1.50 KB )
F:\phpStudy\WWW\wodeimai\Application\Common\Conf\debug.php ( 1.04 KB )
F:\phpStudy\WWW\wodeimai\Application\Common\Behavior\InitHookBehavior.class.php ( 1.69 KB )
F:\phpStudy\WWW\wodeimai\ThinkPHP\Library\Think\Behavior.class.php ( 0.88 KB )
F:\phpStudy\WWW\wodeimai\ThinkPHP\Library\Think\Cache.class.php ( 3.84 KB )
F:\phpStudy\WWW\wodeimai\ThinkPHP\Library\Think\Cache\Driver\File.class.php ( 5.88 KB )
F:\phpStudy\WWW\wodeimai\Application\Admin\Conf\config.php ( 5.29 KB )
F:\phpStudy\WWW\wodeimai\Application\Admin\Common\function.php ( 13.10 KB )
F:\phpStudy\WWW\wodeimai\ThinkPHP\Library\Behavior\ReadHtmlCacheBehavior.class.php ( 5.62 KB )
F:\phpStudy\WWW\wodeimai\Application\Admin\Controller\ArticleController.class.php ( 27.58 KB )
F:\phpStudy\WWW\wodeimai\Application\Admin\Controller\AdminController.class.php ( 19.92 KB )
F:\phpStudy\WWW\wodeimai\ThinkPHP\Library\Think\Model.class.php ( 66.29 KB )
F:\phpStudy\WWW\wodeimai\ThinkPHP\Library\Think\Db.class.php ( 5.68 KB )
F:\phpStudy\WWW\wodeimai\ThinkPHP\Library\Think\Db\Driver\Mysql.class.php ( 4.84 KB )
F:\phpStudy\WWW\wodeimai\ThinkPHP\Library\Think\Db\Driver.class.php ( 39.35 KB )
F:\phpStudy\WWW\wodeimai\Application\Admin\Model\AuthGroupModel.class.php ( 10.96 KB )
F:\phpStudy\WWW\wodeimai\ThinkPHP\Library\Think\Page.class.php ( 5.67 KB )
F:\phpStudy\WWW\wodeimai\ThinkPHP\Library\Think\Template.class.php ( 28.57 KB )
F:\phpStudy\WWW\wodeimai\ThinkPHP\Library\Think\Template\TagLib\Cx.class.php ( 22.62 KB )
F:\phpStudy\WWW\wodeimai\ThinkPHP\Library\Think\Template\TagLib.class.php ( 9.19 KB )
F:\phpStudy\WWW\wodeimai\Runtime\Cache\Admin\7a4184ffe8f804b12b2e7f8851dd8f7d.php ( 24.26 KB )
F:\phpStudy\WWW\wodeimai\ThinkPHP\Library\Behavior\WriteHtmlCacheBehavior.class.php ( 0.98 KB )
F:\phpStudy\WWW\wodeimai\ThinkPHP\Library\Behavior\ShowPageTraceBehavior.class.php ( 5.27 KB )

[ 流程 ]
[ app_init ] --START--
Run Behavior\BuildLiteBehavior [ RunTime:0.000000s ]
Run Common\Behavior\InitHookBehavior [ RunTime:0.002000s ]
[ app_init ] --END-- [ RunTime:0.002000s ]
[ app_begin ] --START--
Run Behavior\ReadHtmlCacheBehavior [ RunTime:0.001000s ]
[ app_begin ] --END-- [ RunTime:0.001000s ]
[ view_parse ] --START--
[ template_filter ] --START--
Run Behavior\ContentReplaceBehavior [ RunTime:0.001000s ]
[ template_filter ] --END-- [ RunTime:0.001000s ]
Run Behavior\ParseTemplateBehavior [ RunTime:0.270000s ]
[ view_parse ] --END-- [ RunTime:0.270000s ]
[ view_filter ] --START--
Run Behavior\WriteHtmlCacheBehavior [ RunTime:0.001000s ]
[ view_filter ] --END-- [ RunTime:0.001000s ]
[ app_end ] --START--

[ 错误 ]
[8] Undefined variable: groups F:\phpStudy\WWW\wodeimai\Application\Admin\Controller\ArticleController.class.php 第 231 行.

[ SQL ]
SHOW COLUMNS FROM `wdm_menu` [ RunTime:0.0080s ]
SELECT `id`,`title`,`url` FROM `wdm_menu` WHERE `pid` = 0 AND `hide` = 0 ORDER BY sort asc  [ RunTime:0.0000s ]
SELECT `pid` FROM `wdm_menu` WHERE ( pid !=0 AND url like '%Article/index%' ) LIMIT 1   [ RunTime:0.0000s ]
SELECT * FROM `wdm_menu` WHERE `id` = 2 LIMIT 1   [ RunTime:0.0010s ]
SELECT DISTINCT  `group` FROM `wdm_menu` WHERE `group` <> '' AND `pid` = 2  [ RunTime:0.0000s ]
SELECT `id`,`url` FROM `wdm_menu` WHERE `pid` = 2 AND `hide` = 0  [ RunTime:0.0000s ]
SELECT `id`,`pid`,`title`,`url`,`tip` FROM `wdm_menu` WHERE `group` = '内容' AND `pid` = 2 AND `hide` = 0 ORDER BY sort asc  [ RunTime:0.0010s ]
SHOW COLUMNS FROM `wdm_auth_group_access` [ RunTime:0.0070s ]
SELECT `extend_id` FROM wdm_auth_group_access g INNER JOIN wdm_auth_extend c on g.group_id=c.group_id  WHERE ( g.uid='1' and c.type='1' and !isnull(extend_id) )  [ RunTime:0.0000s ]
SHOW COLUMNS FROM `wdm_category` [ RunTime:0.0070s ]
SELECT `id`,`title`,`pid`,`allow_publish` FROM `wdm_category` WHERE `status` = 1 ORDER BY pid,sort  [ RunTime:0.0000s ]
SHOW COLUMNS FROM `wdm_model` [ RunTime:0.0070s ]
SELECT * FROM `wdm_model` WHERE `name` = 'document' LIMIT 1   [ RunTime:0.0010s ]
SHOW COLUMNS FROM `wdm_document` [ RunTime:0.0060s ]
SELECT COUNT(*) AS tp_count FROM wdm_document DOCUMENT WHERE `status` IN ('0','1','2') AND `pid` = 0 LIMIT 1   [ RunTime:0.0000s ]
SELECT `id`,`title`,`type`,`update_time`,`status`,`view`,`category_id`,`model_id`,`pid` FROM wdm_document DOCUMENT WHERE `status` IN ('0','1','2') AND `pid` = 0 ORDER BY level DESC,DOCUMENT.id DESC LIMIT 0,10   [ RunTime:0.0000s ]
SELECT `extend` FROM `wdm_model` WHERE `id` = 1 LIMIT 1   [ RunTime:0.0000s ]
SHOW COLUMNS FROM `wdm_attribute` [ RunTime:0.0070s ]
SELECT `id`,`name`,`type`,`extra` FROM `wdm_attribute` WHERE `model_id` = 1  [ RunTime:0.0000s ]

[ 调试 ]


[ 2017-03-14T16:30:35+08:00 ] 127.0.0.1 /admin.php?s=/Index/index.html
[ 基本 ]
请求信息:2017-03-14 16:30:34 HTTP/1.1 GET : /admin.php?s=/Index/index.html
运行时间:0.2990s ( Load:0.0230s Init:0.0070s Exec:0.0190s Template:0.2500s )
吞吐率:3.34req/s
内存开销:1,616.88 kb
查询信息:18 queries 0 writes 
文件加载:51
缓存信息:2 gets 0 writes 
配置加载:166
会话信息:SESSION_ID=ev8os82hhoc60987trbhq9ia52

[ 文件 ]
F:\phpStudy\WWW\wodeimai\admin.php ( 1.18 KB )
F:\phpStudy\WWW\wodeimai\ThinkPHP\ThinkPHP.php ( 4.71 KB )
F:\phpStudy\WWW\wodeimai\ThinkPHP\Library\Think\Think.class.php ( 12.32 KB )
F:\phpStudy\WWW\wodeimai\ThinkPHP\Library\Think\Storage.class.php ( 1.38 KB )
F:\phpStudy\WWW\wodeimai\ThinkPHP\Library\Think\Storage\Driver\File.class.php ( 3.54 KB )
F:\phpStudy\WWW\wodeimai\ThinkPHP\Mode\common.php ( 2.82 KB )
F:\phpStudy\WWW\wodeimai\ThinkPHP\Common\functions.php ( 51.90 KB )
F:\phpStudy\WWW\wodeimai\ThinkPHP\Common\wdm_functions.php ( 0.86 KB )
F:\phpStudy\WWW\wodeimai\Application\Common\Common\function.php ( 30.81 KB )
F:\phpStudy\WWW\wodeimai\Application\Common\Common\wdm_functions.php ( 1.96 KB )
F:\phpStudy\WWW\wodeimai\ThinkPHP\Library\Think\Hook.class.php ( 4.02 KB )
F:\phpStudy\WWW\wodeimai\ThinkPHP\Library\Think\App.class.php ( 13.23 KB )
F:\phpStudy\WWW\wodeimai\ThinkPHP\Library\Think\Dispatcher.class.php ( 14.82 KB )
F:\phpStudy\WWW\wodeimai\ThinkPHP\Library\Think\Route.class.php ( 13.38 KB )
F:\phpStudy\WWW\wodeimai\ThinkPHP\Library\Think\Controller.class.php ( 10.95 KB )
F:\phpStudy\WWW\wodeimai\ThinkPHP\Library\Think\View.class.php ( 7.96 KB )
F:\phpStudy\WWW\wodeimai\ThinkPHP\Library\Behavior\BuildLiteBehavior.class.php ( 3.69 KB )
F:\phpStudy\WWW\wodeimai\ThinkPHP\Library\Behavior\ParseTemplateBehavior.class.php ( 3.89 KB )
F:\phpStudy\WWW\wodeimai\ThinkPHP\Library\Behavior\ContentReplaceBehavior.class.php ( 1.91 KB )
F:\phpStudy\WWW\wodeimai\ThinkPHP\Conf\convention.php ( 11.18 KB )
F:\phpStudy\WWW\wodeimai\Application\Common\Conf\config.php ( 1.97 KB )
F:\phpStudy\WWW\wodeimai\Application\Common\Conf\tags.php ( 0.08 KB )
F:\phpStudy\WWW\wodeimai\ThinkPHP\Lang\zh-cn.php ( 2.57 KB )
F:\phpStudy\WWW\wodeimai\ThinkPHP\Conf\debug.php ( 1.50 KB )
F:\phpStudy\WWW\wodeimai\Application\Common\Conf\debug.php ( 1.04 KB )
F:\phpStudy\WWW\wodeimai\Application\Common\Behavior\InitHookBehavior.class.php ( 1.69 KB )
F:\phpStudy\WWW\wodeimai\ThinkPHP\Library\Think\Behavior.class.php ( 0.88 KB )
F:\phpStudy\WWW\wodeimai\ThinkPHP\Library\Think\Cache.class.php ( 3.84 KB )
F:\phpStudy\WWW\wodeimai\ThinkPHP\Library\Think\Cache\Driver\File.class.php ( 5.88 KB )
F:\phpStudy\WWW\wodeimai\Application\Admin\Conf\config.php ( 5.29 KB )
F:\phpStudy\WWW\wodeimai\Application\Admin\Common\function.php ( 13.10 KB )
F:\phpStudy\WWW\wodeimai\ThinkPHP\Library\Behavior\ReadHtmlCacheBehavior.class.php ( 5.62 KB )
F:\phpStudy\WWW\wodeimai\Application\Admin\Controller\IndexController.class.php ( 0.88 KB )
F:\phpStudy\WWW\wodeimai\Application\Admin\Controller\AdminController.class.php ( 19.92 KB )
F:\phpStudy\WWW\wodeimai\ThinkPHP\Library\Think\Model.class.php ( 66.29 KB )
F:\phpStudy\WWW\wodeimai\ThinkPHP\Library\Think\Db.class.php ( 5.68 KB )
F:\phpStudy\WWW\wodeimai\ThinkPHP\Library\Think\Db\Driver\Mysql.class.php ( 4.84 KB )
F:\phpStudy\WWW\wodeimai\ThinkPHP\Library\Think\Db\Driver.class.php ( 39.35 KB )
F:\phpStudy\WWW\wodeimai\ThinkPHP\Library\Think\Template.class.php ( 28.57 KB )
F:\phpStudy\WWW\wodeimai\ThinkPHP\Library\Think\Template\TagLib\Cx.class.php ( 22.62 KB )
F:\phpStudy\WWW\wodeimai\ThinkPHP\Library\Think\Template\TagLib.class.php ( 9.19 KB )
F:\phpStudy\WWW\wodeimai\Runtime\Cache\Admin\b595b808c2ebeeeb0478ffc30bb4e87a.php ( 8.39 KB )
F:\phpStudy\WWW\wodeimai\Addons\SiteStat\SiteStatAddon.class.php ( 1.57 KB )
F:\phpStudy\WWW\wodeimai\Application\Common\Controller\Addon.class.php ( 4.70 KB )
F:\phpStudy\WWW\wodeimai\Runtime\Cache\Admin\79bde46336f7088c2c4092b8642fe931.php ( 1.03 KB )
F:\phpStudy\WWW\wodeimai\ThinkPHP\Library\Behavior\WriteHtmlCacheBehavior.class.php ( 0.98 KB )
F:\phpStudy\WWW\wodeimai\Addons\SystemInfo\SystemInfoAddon.class.php ( 2.55 KB )
F:\phpStudy\WWW\wodeimai\Runtime\Cache\Admin\a2687d4c008de26902ac38bda01195da.php ( 1.47 KB )
F:\phpStudy\WWW\wodeimai\Addons\DevTeam\DevTeamAddon.class.php ( 1.33 KB )
F:\phpStudy\WWW\wodeimai\Runtime\Cache\Admin\fea6ecfa909155b3a58e2631a09f55e1.php ( 1.23 KB )
F:\phpStudy\WWW\wodeimai\ThinkPHP\Library\Behavior\ShowPageTraceBehavior.class.php ( 5.27 KB )

[ 流程 ]
[ app_init ] --START--
Run Behavior\BuildLiteBehavior [ RunTime:0.000000s ]
Run Common\Behavior\InitHookBehavior [ RunTime:0.003000s ]
[ app_init ] --END-- [ RunTime:0.003000s ]
[ app_begin ] --START--
Run Behavior\ReadHtmlCacheBehavior [ RunTime:0.000000s ]
[ app_begin ] --END-- [ RunTime:0.000000s ]
[ view_parse ] --START--
[ template_filter ] --START--
Run Behavior\ContentReplaceBehavior [ RunTime:0.000000s ]
[ template_filter ] --END-- [ RunTime:0.000000s ]
[ AdminIndex ] --START--
[ view_parse ] --START--
[ template_filter ] --START--
Run Behavior\ContentReplaceBehavior [ RunTime:0.000000s ]
[ template_filter ] --END-- [ RunTime:-0.127000s ]
Run Behavior\ParseTemplateBehavior [ RunTime:0.002000s ]
[ view_parse ] --END-- [ RunTime:0.002000s ]
[ view_filter ] --START--
Run Behavior\WriteHtmlCacheBehavior [ RunTime:0.000000s ]
[ view_filter ] --END-- [ RunTime:0.000000s ]
Run Addons\SiteStat\SiteStatAddon [ RunTime:0.048000s ]
[ view_parse ] --START--
[ template_filter ] --START--
Run Behavior\ContentReplaceBehavior [ RunTime:0.000000s ]
[ template_filter ] --END-- [ RunTime:-0.236000s ]
Run Behavior\ParseTemplateBehavior [ RunTime:0.004000s ]
[ view_parse ] --END-- [ RunTime:-0.107000s ]
[ view_filter ] --START--
Run Behavior\WriteHtmlCacheBehavior [ RunTime:0.000000s ]
[ view_filter ] --END-- [ RunTime:-0.111000s ]
Run Addons\SystemInfo\SystemInfoAddon [ RunTime:0.111000s ]
[ view_parse ] --START--
[ template_filter ] --START--
Run Behavior\ContentReplaceBehavior [ RunTime:0.000000s ]
[ template_filter ] --END-- [ RunTime:-0.241000s ]
Run Behavior\ParseTemplateBehavior [ RunTime:0.003000s ]
[ view_parse ] --END-- [ RunTime:-0.112000s ]
[ view_filter ] --START--
Run Behavior\WriteHtmlCacheBehavior [ RunTime:0.000000s ]
[ view_filter ] --END-- [ RunTime:-0.115000s ]
Run Addons\DevTeam\DevTeamAddon [ RunTime:0.004000s ]
[ AdminIndex ] --END-- [ RunTime:0.163000s ]
Run Behavior\ParseTemplateBehavior [ RunTime:0.003000s ]
[ view_parse ] --END-- [ RunTime:-0.112000s ]
[ view_filter ] --START--
Run Behavior\WriteHtmlCacheBehavior [ RunTime:0.000000s ]
[ view_filter ] --END-- [ RunTime:-0.115000s ]
[ app_end ] --START--

[ 错误 ]

[ SQL ]
SHOW COLUMNS FROM `wdm_menu` [ RunTime:0.0100s ]
SELECT `id`,`title`,`url` FROM `wdm_menu` WHERE `pid` = 0 AND `hide` = 0 ORDER BY sort asc  [ RunTime:0.0000s ]
SELECT `pid` FROM `wdm_menu` WHERE ( pid !=0 AND url like '%Index/index%' ) LIMIT 1   [ RunTime:0.0010s ]
SHOW COLUMNS FROM `wdm_addons` [ RunTime:0.0080s ]
SELECT `config` FROM `wdm_addons` WHERE `name` = 'SiteStat' AND `status` = 1 LIMIT 1   [ RunTime:0.0000s ]
SHOW COLUMNS FROM `wdm_member` [ RunTime:0.0070s ]
SELECT COUNT(*) AS tp_count FROM `wdm_member` LIMIT 1   [ RunTime:0.0010s ]
SHOW COLUMNS FROM `wdm_action_log` [ RunTime:0.0060s ]
SELECT COUNT(*) AS tp_count FROM `wdm_action_log` LIMIT 1   [ RunTime:0.0000s ]
SHOW COLUMNS FROM `wdm_document` [ RunTime:0.0060s ]
SELECT COUNT(*) AS tp_count FROM `wdm_document` LIMIT 1   [ RunTime:0.0010s ]
SHOW COLUMNS FROM `wdm_category` [ RunTime:0.0060s ]
SELECT COUNT(*) AS tp_count FROM `wdm_category` LIMIT 1   [ RunTime:0.0000s ]
SHOW COLUMNS FROM `wdm_model` [ RunTime:0.0080s ]
SELECT COUNT(*) AS tp_count FROM `wdm_model` LIMIT 1   [ RunTime:0.0000s ]
SELECT `config` FROM `wdm_addons` WHERE `name` = 'SystemInfo' AND `status` = 1 LIMIT 1   [ RunTime:0.0000s ]
select version() as v; [ RunTime:0.0010s ]
SELECT `config` FROM `wdm_addons` WHERE `name` = 'DevTeam' AND `status` = 1 LIMIT 1   [ RunTime:0.0000s ]

[ 调试 ]


[ 2017-03-14T16:30:47+08:00 ] 127.0.0.1 /admin.php?s=/Article/index.html
[ 基本 ]
请求信息:2017-03-14 16:30:46 HTTP/1.1 GET : /admin.php?s=/Article/index.html
运行时间:0.3710s ( Load:0.0230s Init:0.0060s Exec:0.0600s Template:0.2820s )
吞吐率:2.70req/s
内存开销:1,783.79 kb
查询信息:19 queries 0 writes 
文件加载:46
缓存信息:2 gets 0 writes 
配置加载:166
会话信息:SESSION_ID=ev8os82hhoc60987trbhq9ia52

[ 文件 ]
F:\phpStudy\WWW\wodeimai\admin.php ( 1.18 KB )
F:\phpStudy\WWW\wodeimai\ThinkPHP\ThinkPHP.php ( 4.71 KB )
F:\phpStudy\WWW\wodeimai\ThinkPHP\Library\Think\Think.class.php ( 12.32 KB )
F:\phpStudy\WWW\wodeimai\ThinkPHP\Library\Think\Storage.class.php ( 1.38 KB )
F:\phpStudy\WWW\wodeimai\ThinkPHP\Library\Think\Storage\Driver\File.class.php ( 3.54 KB )
F:\phpStudy\WWW\wodeimai\ThinkPHP\Mode\common.php ( 2.82 KB )
F:\phpStudy\WWW\wodeimai\ThinkPHP\Common\functions.php ( 51.90 KB )
F:\phpStudy\WWW\wodeimai\ThinkPHP\Common\wdm_functions.php ( 0.86 KB )
F:\phpStudy\WWW\wodeimai\Application\Common\Common\function.php ( 30.81 KB )
F:\phpStudy\WWW\wodeimai\Application\Common\Common\wdm_functions.php ( 1.96 KB )
F:\phpStudy\WWW\wodeimai\ThinkPHP\Library\Think\Hook.class.php ( 4.02 KB )
F:\phpStudy\WWW\wodeimai\ThinkPHP\Library\Think\App.class.php ( 13.23 KB )
F:\phpStudy\WWW\wodeimai\ThinkPHP\Library\Think\Dispatcher.class.php ( 14.82 KB )
F:\phpStudy\WWW\wodeimai\ThinkPHP\Library\Think\Route.class.php ( 13.38 KB )
F:\phpStudy\WWW\wodeimai\ThinkPHP\Library\Think\Controller.class.php ( 10.95 KB )
F:\phpStudy\WWW\wodeimai\ThinkPHP\Library\Think\View.class.php ( 7.96 KB )
F:\phpStudy\WWW\wodeimai\ThinkPHP\Library\Behavior\BuildLiteBehavior.class.php ( 3.69 KB )
F:\phpStudy\WWW\wodeimai\ThinkPHP\Library\Behavior\ParseTemplateBehavior.class.php ( 3.89 KB )
F:\phpStudy\WWW\wodeimai\ThinkPHP\Library\Behavior\ContentReplaceBehavior.class.php ( 1.91 KB )
F:\phpStudy\WWW\wodeimai\ThinkPHP\Conf\convention.php ( 11.18 KB )
F:\phpStudy\WWW\wodeimai\Application\Common\Conf\config.php ( 1.97 KB )
F:\phpStudy\WWW\wodeimai\Application\Common\Conf\tags.php ( 0.08 KB )
F:\phpStudy\WWW\wodeimai\ThinkPHP\Lang\zh-cn.php ( 2.57 KB )
F:\phpStudy\WWW\wodeimai\ThinkPHP\Conf\debug.php ( 1.50 KB )
F:\phpStudy\WWW\wodeimai\Application\Common\Conf\debug.php ( 1.04 KB )
F:\phpStudy\WWW\wodeimai\Application\Common\Behavior\InitHookBehavior.class.php ( 1.69 KB )
F:\phpStudy\WWW\wodeimai\ThinkPHP\Library\Think\Behavior.class.php ( 0.88 KB )
F:\phpStudy\WWW\wodeimai\ThinkPHP\Library\Think\Cache.class.php ( 3.84 KB )
F:\phpStudy\WWW\wodeimai\ThinkPHP\Library\Think\Cache\Driver\File.class.php ( 5.88 KB )
F:\phpStudy\WWW\wodeimai\Application\Admin\Conf\config.php ( 5.29 KB )
F:\phpStudy\WWW\wodeimai\Application\Admin\Common\function.php ( 13.10 KB )
F:\phpStudy\WWW\wodeimai\ThinkPHP\Library\Behavior\ReadHtmlCacheBehavior.class.php ( 5.62 KB )
F:\phpStudy\WWW\wodeimai\Application\Admin\Controller\ArticleController.class.php ( 27.58 KB )
F:\phpStudy\WWW\wodeimai\Application\Admin\Controller\AdminController.class.php ( 19.92 KB )
F:\phpStudy\WWW\wodeimai\ThinkPHP\Library\Think\Model.class.php ( 66.29 KB )
F:\phpStudy\WWW\wodeimai\ThinkPHP\Library\Think\Db.class.php ( 5.68 KB )
F:\phpStudy\WWW\wodeimai\ThinkPHP\Library\Think\Db\Driver\Mysql.class.php ( 4.84 KB )
F:\phpStudy\WWW\wodeimai\ThinkPHP\Library\Think\Db\Driver.class.php ( 39.35 KB )
F:\phpStudy\WWW\wodeimai\Application\Admin\Model\AuthGroupModel.class.php ( 10.96 KB )
F:\phpStudy\WWW\wodeimai\ThinkPHP\Library\Think\Page.class.php ( 5.67 KB )
F:\phpStudy\WWW\wodeimai\ThinkPHP\Library\Think\Template.class.php ( 28.57 KB )
F:\phpStudy\WWW\wodeimai\ThinkPHP\Library\Think\Template\TagLib\Cx.class.php ( 22.62 KB )
F:\phpStudy\WWW\wodeimai\ThinkPHP\Library\Think\Template\TagLib.class.php ( 9.19 KB )
F:\phpStudy\WWW\wodeimai\Runtime\Cache\Admin\7a4184ffe8f804b12b2e7f8851dd8f7d.php ( 24.26 KB )
F:\phpStudy\WWW\wodeimai\ThinkPHP\Library\Behavior\WriteHtmlCacheBehavior.class.php ( 0.98 KB )
F:\phpStudy\WWW\wodeimai\ThinkPHP\Library\Behavior\ShowPageTraceBehavior.class.php ( 5.27 KB )

[ 流程 ]
[ app_init ] --START--
Run Behavior\BuildLiteBehavior [ RunTime:0.000000s ]
Run Common\Behavior\InitHookBehavior [ RunTime:0.002000s ]
[ app_init ] --END-- [ RunTime:0.003000s ]
[ app_begin ] --START--
Run Behavior\ReadHtmlCacheBehavior [ RunTime:0.001000s ]
[ app_begin ] --END-- [ RunTime:0.001000s ]
[ view_parse ] --START--
[ template_filter ] --START--
Run Behavior\ContentReplaceBehavior [ RunTime:0.000000s ]
[ template_filter ] --END-- [ RunTime:0.000000s ]
Run Behavior\ParseTemplateBehavior [ RunTime:0.281000s ]
[ view_parse ] --END-- [ RunTime:0.281000s ]
[ view_filter ] --START--
Run Behavior\WriteHtmlCacheBehavior [ RunTime:0.000000s ]
[ view_filter ] --END-- [ RunTime:0.000000s ]
[ app_end ] --START--

[ 错误 ]
[8] Undefined variable: groups F:\phpStudy\WWW\wodeimai\Application\Admin\Controller\ArticleController.class.php 第 231 行.

[ SQL ]
SHOW COLUMNS FROM `wdm_menu` [ RunTime:0.0090s ]
SELECT `id`,`title`,`url` FROM `wdm_menu` WHERE `pid` = 0 AND `hide` = 0 ORDER BY sort asc  [ RunTime:0.0000s ]
SELECT `pid` FROM `wdm_menu` WHERE ( pid !=0 AND url like '%Article/index%' ) LIMIT 1   [ RunTime:0.0000s ]
SELECT * FROM `wdm_menu` WHERE `id` = 2 LIMIT 1   [ RunTime:0.0000s ]
SELECT DISTINCT  `group` FROM `wdm_menu` WHERE `group` <> '' AND `pid` = 2  [ RunTime:0.0000s ]
SELECT `id`,`url` FROM `wdm_menu` WHERE `pid` = 2 AND `hide` = 0  [ RunTime:0.0000s ]
SELECT `id`,`pid`,`title`,`url`,`tip` FROM `wdm_menu` WHERE `group` = '内容' AND `pid` = 2 AND `hide` = 0 ORDER BY sort asc  [ RunTime:0.0000s ]
SHOW COLUMNS FROM `wdm_auth_group_access` [ RunTime:0.0060s ]
SELECT `extend_id` FROM wdm_auth_group_access g INNER JOIN wdm_auth_extend c on g.group_id=c.group_id  WHERE ( g.uid='1' and c.type='1' and !isnull(extend_id) )  [ RunTime:0.0010s ]
SHOW COLUMNS FROM `wdm_category` [ RunTime:0.0060s ]
SELECT `id`,`title`,`pid`,`allow_publish` FROM `wdm_category` WHERE `status` = 1 ORDER BY pid,sort  [ RunTime:0.0010s ]
SHOW COLUMNS FROM `wdm_model` [ RunTime:0.0070s ]
SELECT * FROM `wdm_model` WHERE `name` = 'document' LIMIT 1   [ RunTime:0.0010s ]
SHOW COLUMNS FROM `wdm_document` [ RunTime:0.0060s ]
SELECT COUNT(*) AS tp_count FROM wdm_document DOCUMENT WHERE `status` IN ('0','1','2') AND `pid` = 0 LIMIT 1   [ RunTime:0.0000s ]
SELECT `id`,`title`,`type`,`update_time`,`status`,`view`,`category_id`,`model_id`,`pid` FROM wdm_document DOCUMENT WHERE `status` IN ('0','1','2') AND `pid` = 0 ORDER BY level DESC,DOCUMENT.id DESC LIMIT 0,10   [ RunTime:0.0000s ]
SELECT `extend` FROM `wdm_model` WHERE `id` = 1 LIMIT 1   [ RunTime:0.0010s ]
SHOW COLUMNS FROM `wdm_attribute` [ RunTime:0.0060s ]
SELECT `id`,`name`,`type`,`extra` FROM `wdm_attribute` WHERE `model_id` = 1  [ RunTime:0.0010s ]

[ 调试 ]


