[ 2017-03-11T00:05:54+08:00 ] 127.0.0.1 /index.php?s=/Go/index
INFO: [ app_init ] --START--
INFO: Run Behavior\BuildLiteBehavior [ RunTime:0.000036s ]
INFO: Run Common\Behavior\InitHookBehavior [ RunTime:0.000829s ]
INFO: [ app_init ] --END-- [ RunTime:0.001134s ]

[ 2017-03-11T00:34:44+08:00 ] 127.0.0.1 /index.php?s=/Go/index
INFO: [ app_init ] --START--
INFO: Run Behavior\BuildLiteBehavior [ RunTime:0.000019s ]
INFO: Run Common\Behavior\InitHookBehavior [ RunTime:0.000477s ]
INFO: [ app_init ] --END-- [ RunTime:0.000676s ]

[ 2017-03-11T00:35:05+08:00 ] 127.0.0.1 /index.php?s=/Go/index
INFO: [ app_init ] --START--
INFO: Run Behavior\BuildLiteBehavior [ RunTime:0.000018s ]
INFO: Run Common\Behavior\InitHookBehavior [ RunTime:0.000458s ]
INFO: [ app_init ] --END-- [ RunTime:0.000653s ]

[ 2017-03-11T00:35:46+08:00 ] 127.0.0.1 /index.php?s=/Go/index
INFO: [ app_init ] --START--
INFO: Run Behavior\BuildLiteBehavior [ RunTime:0.000033s ]
INFO: Run Common\Behavior\InitHookBehavior [ RunTime:0.000488s ]
INFO: [ app_init ] --END-- [ RunTime:0.000710s ]

[ 2017-03-11T00:38:13+08:00 ] 127.0.0.1 /index.php?s=/Go/index
INFO: [ app_init ] --START--
INFO: Run Behavior\BuildLiteBehavior [ RunTime:0.000024s ]
INFO: Run Common\Behavior\InitHookBehavior [ RunTime:0.000660s ]
INFO: [ app_init ] --END-- [ RunTime:0.000929s ]

[ 2017-03-11T00:44:06+08:00 ] 127.0.0.1 /index.php?s=/Go/index
INFO: [ app_init ] --START--
INFO: Run Behavior\BuildLiteBehavior [ RunTime:0.000021s ]
INFO: Run Common\Behavior\InitHookBehavior [ RunTime:0.000507s ]
INFO: [ app_init ] --END-- [ RunTime:0.000725s ]

[ 2017-03-11T00:44:50+08:00 ] 127.0.0.1 /index.php?s=/Go/index
INFO: [ app_init ] --START--
INFO: Run Behavior\BuildLiteBehavior [ RunTime:0.000021s ]
INFO: Run Common\Behavior\InitHookBehavior [ RunTime:0.000539s ]
INFO: [ app_init ] --END-- [ RunTime:0.000763s ]

[ 2017-03-11T00:46:49+08:00 ] 127.0.0.1 /index.php?s=/Go/index
INFO: [ app_init ] --START--
INFO: Run Behavior\BuildLiteBehavior [ RunTime:0.000051s ]
INFO: Run Common\Behavior\InitHookBehavior [ RunTime:0.000878s ]
INFO: [ app_init ] --END-- [ RunTime:0.001155s ]

[ 2017-03-11T00:47:04+08:00 ] 127.0.0.1 /index.php?s=/Go/index
INFO: [ app_init ] --START--
INFO: Run Behavior\BuildLiteBehavior [ RunTime:0.000020s ]
INFO: Run Common\Behavior\InitHookBehavior [ RunTime:0.000509s ]
INFO: [ app_init ] --END-- [ RunTime:0.000723s ]

[ 2017-03-11T00:48:03+08:00 ] 127.0.0.1 /index.php?s=/Go/index
INFO: [ app_init ] --START--
INFO: Run Behavior\BuildLiteBehavior [ RunTime:0.000023s ]
INFO: Run Common\Behavior\InitHookBehavior [ RunTime:0.000568s ]
INFO: [ app_init ] --END-- [ RunTime:0.000805s ]

[ 2017-03-11T00:48:25+08:00 ] 127.0.0.1 /index.php?s=/Go/index
INFO: [ app_init ] --START--
INFO: Run Behavior\BuildLiteBehavior [ RunTime:0.000021s ]
INFO: Run Common\Behavior\InitHookBehavior [ RunTime:0.000548s ]
INFO: [ app_init ] --END-- [ RunTime:0.000784s ]

[ 2017-03-11T00:48:26+08:00 ] 127.0.0.1 /index.php?s=/Go/index
INFO: [ app_init ] --START--
INFO: Run Behavior\BuildLiteBehavior [ RunTime:0.000018s ]
INFO: Run Common\Behavior\InitHookBehavior [ RunTime:0.000451s ]
INFO: [ app_init ] --END-- [ RunTime:0.000650s ]

[ 2017-03-11T00:48:28+08:00 ] 127.0.0.1 /index.php?s=/Go/index
INFO: [ app_init ] --START--
INFO: Run Behavior\BuildLiteBehavior [ RunTime:0.000020s ]
INFO: Run Common\Behavior\InitHookBehavior [ RunTime:0.000523s ]
INFO: [ app_init ] --END-- [ RunTime:0.000747s ]

[ 2017-03-11T00:48:31+08:00 ] 127.0.0.1 /index.php?s=/Go/index
INFO: [ app_init ] --START--
INFO: Run Behavior\BuildLiteBehavior [ RunTime:0.000028s ]
INFO: Run Common\Behavior\InitHookBehavior [ RunTime:0.000733s ]
INFO: [ app_init ] --END-- [ RunTime:0.001051s ]

[ 2017-03-11T00:50:23+08:00 ] 127.0.0.1 /index.php?s=/Go/index
INFO: [ app_init ] --START--
INFO: Run Behavior\BuildLiteBehavior [ RunTime:0.000030s ]
INFO: Run Common\Behavior\InitHookBehavior [ RunTime:0.000764s ]
INFO: [ app_init ] --END-- [ RunTime:0.001087s ]

[ 2017-03-11T00:50:48+08:00 ] 127.0.0.1 /index.php?s=/Go/index
INFO: [ app_init ] --START--
INFO: Run Behavior\BuildLiteBehavior [ RunTime:0.000021s ]
INFO: Run Common\Behavior\InitHookBehavior [ RunTime:0.000529s ]
INFO: [ app_init ] --END-- [ RunTime:0.000755s ]

[ 2017-03-11T00:50:51+08:00 ] 127.0.0.1 /index.php?s=/Go/index
INFO: [ app_init ] --START--
INFO: Run Behavior\BuildLiteBehavior [ RunTime:0.000020s ]
INFO: Run Common\Behavior\InitHookBehavior [ RunTime:0.000502s ]
INFO: [ app_init ] --END-- [ RunTime:0.000735s ]

[ 2017-03-11T00:52:18+08:00 ] 127.0.0.1 /index.php?s=/Go/index
INFO: [ app_init ] --START--
INFO: Run Behavior\BuildLiteBehavior [ RunTime:0.000017s ]
INFO: Run Common\Behavior\InitHookBehavior [ RunTime:0.000508s ]
INFO: [ app_init ] --END-- [ RunTime:0.000705s ]

[ 2017-03-11T00:52:49+08:00 ] 127.0.0.1 /index.php?s=/Go/index
INFO: [ app_init ] --START--
INFO: Run Behavior\BuildLiteBehavior [ RunTime:0.000028s ]
INFO: Run Common\Behavior\InitHookBehavior [ RunTime:0.000755s ]
INFO: [ app_init ] --END-- [ RunTime:0.001071s ]

[ 2017-03-11T00:54:18+08:00 ] 127.0.0.1 /index.php?s=/Go/index
INFO: [ app_init ] --START--
INFO: Run Behavior\BuildLiteBehavior [ RunTime:0.000019s ]
INFO: Run Common\Behavior\InitHookBehavior [ RunTime:0.000495s ]
INFO: [ app_init ] --END-- [ RunTime:0.000722s ]

[ 2017-03-11T00:54:22+08:00 ] 127.0.0.1 /index.php?s=/Go/index
INFO: [ app_init ] --START--
INFO: Run Behavior\BuildLiteBehavior [ RunTime:0.000020s ]
INFO: Run Common\Behavior\InitHookBehavior [ RunTime:0.000529s ]
INFO: [ app_init ] --END-- [ RunTime:0.000752s ]

[ 2017-03-11T00:54:24+08:00 ] 127.0.0.1 /index.php?s=/Go/index
INFO: [ app_init ] --START--
INFO: Run Behavior\BuildLiteBehavior [ RunTime:0.000021s ]
INFO: Run Common\Behavior\InitHookBehavior [ RunTime:0.000525s ]
INFO: [ app_init ] --END-- [ RunTime:0.000749s ]

[ 2017-03-11T00:54:24+08:00 ] 127.0.0.1 /index.php?s=/Go/index
INFO: [ app_init ] --START--
INFO: Run Behavior\BuildLiteBehavior [ RunTime:0.000019s ]
INFO: Run Common\Behavior\InitHookBehavior [ RunTime:0.000547s ]
INFO: [ app_init ] --END-- [ RunTime:0.000749s ]

[ 2017-03-11T00:54:25+08:00 ] 127.0.0.1 /index.php?s=/Go/index
INFO: [ app_init ] --START--
INFO: Run Behavior\BuildLiteBehavior [ RunTime:0.000020s ]
INFO: Run Common\Behavior\InitHookBehavior [ RunTime:0.000667s ]
INFO: [ app_init ] --END-- [ RunTime:0.000908s ]

[ 2017-03-11T00:54:26+08:00 ] 127.0.0.1 /index.php?s=/Go/index
INFO: [ app_init ] --START--
INFO: Run Behavior\BuildLiteBehavior [ RunTime:0.000018s ]
INFO: Run Common\Behavior\InitHookBehavior [ RunTime:0.000468s ]
INFO: [ app_init ] --END-- [ RunTime:0.000668s ]

[ 2017-03-11T00:55:12+08:00 ] 127.0.0.1 /index.php?s=/Go/index
INFO: [ app_init ] --START--
INFO: Run Behavior\BuildLiteBehavior [ RunTime:0.000028s ]
INFO: Run Common\Behavior\InitHookBehavior [ RunTime:0.000685s ]
INFO: [ app_init ] --END-- [ RunTime:0.000980s ]

[ 2017-03-11T00:55:13+08:00 ] 127.0.0.1 /index.php?s=/Go/index
INFO: [ app_init ] --START--
INFO: Run Behavior\BuildLiteBehavior [ RunTime:0.000035s ]
INFO: Run Common\Behavior\InitHookBehavior [ RunTime:0.000615s ]
INFO: [ app_init ] --END-- [ RunTime:0.000855s ]

[ 2017-03-11T00:56:22+08:00 ] 127.0.0.1 /index.php?s=/Go/index
INFO: [ app_init ] --START--
INFO: Run Behavior\BuildLiteBehavior [ RunTime:0.000016s ]
INFO: Run Common\Behavior\InitHookBehavior [ RunTime:0.000442s ]
INFO: [ app_init ] --END-- [ RunTime:0.000642s ]

[ 2017-03-11T00:56:23+08:00 ] 127.0.0.1 /index.php?s=/Go/index
INFO: [ app_init ] --START--
INFO: Run Behavior\BuildLiteBehavior [ RunTime:0.000029s ]
INFO: Run Common\Behavior\InitHookBehavior [ RunTime:0.000747s ]
INFO: [ app_init ] --END-- [ RunTime:0.001061s ]

[ 2017-03-11T00:58:34+08:00 ] 127.0.0.1 /index.php?s=/Go/index
INFO: [ app_init ] --START--
INFO: Run Behavior\BuildLiteBehavior [ RunTime:0.000017s ]
INFO: Run Common\Behavior\InitHookBehavior [ RunTime:0.000461s ]
INFO: [ app_init ] --END-- [ RunTime:0.000655s ]

[ 2017-03-11T00:59:01+08:00 ] 127.0.0.1 /index.php?s=/Go/index
INFO: [ app_init ] --START--
INFO: Run Behavior\BuildLiteBehavior [ RunTime:0.000020s ]
INFO: Run Common\Behavior\InitHookBehavior [ RunTime:0.000494s ]
INFO: [ app_init ] --END-- [ RunTime:0.000700s ]

[ 2017-03-11T00:59:02+08:00 ] 127.0.0.1 /index.php?s=/Go/index
INFO: [ app_init ] --START--
INFO: Run Behavior\BuildLiteBehavior [ RunTime:0.000030s ]
INFO: Run Common\Behavior\InitHookBehavior [ RunTime:0.001842s ]
INFO: [ app_init ] --END-- [ RunTime:0.002277s ]

[ 2017-03-11T00:59:03+08:00 ] 127.0.0.1 /index.php?s=/Go/index
INFO: [ app_init ] --START--
INFO: Run Behavior\BuildLiteBehavior [ RunTime:0.000026s ]
INFO: Run Common\Behavior\InitHookBehavior [ RunTime:0.000546s ]
INFO: [ app_init ] --END-- [ RunTime:0.000778s ]

[ 2017-03-11T00:59:03+08:00 ] 127.0.0.1 /index.php?s=/Go/index
INFO: [ app_init ] --START--
INFO: Run Behavior\BuildLiteBehavior [ RunTime:0.000029s ]
INFO: Run Common\Behavior\InitHookBehavior [ RunTime:0.000487s ]
INFO: [ app_init ] --END-- [ RunTime:0.000701s ]

[ 2017-03-11T00:59:04+08:00 ] 127.0.0.1 /index.php?s=/Go/index
INFO: [ app_init ] --START--
INFO: Run Behavior\BuildLiteBehavior [ RunTime:0.000017s ]
INFO: Run Common\Behavior\InitHookBehavior [ RunTime:0.000683s ]
INFO: [ app_init ] --END-- [ RunTime:0.000891s ]

[ 2017-03-11T00:59:04+08:00 ] 127.0.0.1 /index.php?s=/Go/index
INFO: [ app_init ] --START--
INFO: Run Behavior\BuildLiteBehavior [ RunTime:0.000018s ]
INFO: Run Common\Behavior\InitHookBehavior [ RunTime:0.000464s ]
INFO: [ app_init ] --END-- [ RunTime:0.000657s ]

[ 2017-03-11T00:59:04+08:00 ] 127.0.0.1 /index.php?s=/Go/index
INFO: [ app_init ] --START--
INFO: Run Behavior\BuildLiteBehavior [ RunTime:0.000023s ]
INFO: Run Common\Behavior\InitHookBehavior [ RunTime:0.000775s ]
INFO: [ app_init ] --END-- [ RunTime:0.001045s ]

[ 2017-03-11T00:59:04+08:00 ] 127.0.0.1 /index.php?s=/Go/index
INFO: [ app_init ] --START--
INFO: Run Behavior\BuildLiteBehavior [ RunTime:0.000022s ]
INFO: Run Common\Behavior\InitHookBehavior [ RunTime:0.000645s ]
INFO: [ app_init ] --END-- [ RunTime:0.000911s ]

[ 2017-03-11T00:59:05+08:00 ] 127.0.0.1 /index.php?s=/Go/index
INFO: [ app_init ] --START--
INFO: Run Behavior\BuildLiteBehavior [ RunTime:0.000037s ]
INFO: Run Common\Behavior\InitHookBehavior [ RunTime:0.000731s ]
INFO: [ app_init ] --END-- [ RunTime:0.001126s ]

[ 2017-03-11T00:59:05+08:00 ] 127.0.0.1 /index.php?s=/Go/index
INFO: [ app_init ] --START--
INFO: Run Behavior\BuildLiteBehavior [ RunTime:0.000026s ]
INFO: Run Common\Behavior\InitHookBehavior [ RunTime:0.000688s ]
INFO: [ app_init ] --END-- [ RunTime:0.000976s ]

[ 2017-03-11T00:59:05+08:00 ] 127.0.0.1 /index.php?s=/Go/index
INFO: [ app_init ] --START--
INFO: Run Behavior\BuildLiteBehavior [ RunTime:0.000021s ]
INFO: Run Common\Behavior\InitHookBehavior [ RunTime:0.000507s ]
INFO: [ app_init ] --END-- [ RunTime:0.000744s ]

[ 2017-03-11T00:59:46+08:00 ] 127.0.0.1 /index.php?s=/Go/index
INFO: [ app_init ] --START--
INFO: Run Behavior\BuildLiteBehavior [ RunTime:0.000017s ]
INFO: Run Common\Behavior\InitHookBehavior [ RunTime:0.000433s ]
INFO: [ app_init ] --END-- [ RunTime:0.000621s ]

[ 2017-03-11T01:00:32+08:00 ] 127.0.0.1 /index.php?s=/Go/index
INFO: [ app_init ] --START--
INFO: Run Behavior\BuildLiteBehavior [ RunTime:0.000019s ]
INFO: Run Common\Behavior\InitHookBehavior [ RunTime:0.000489s ]
INFO: [ app_init ] --END-- [ RunTime:0.000693s ]

[ 2017-03-11T01:01:11+08:00 ] 127.0.0.1 /index.php?s=/Go/index
INFO: [ app_init ] --START--
INFO: Run Behavior\BuildLiteBehavior [ RunTime:0.000026s ]
INFO: Run Common\Behavior\InitHookBehavior [ RunTime:0.000532s ]
INFO: [ app_init ] --END-- [ RunTime:0.000745s ]

[ 2017-03-11T01:03:42+08:00 ] 127.0.0.1 /index.php?s=/Go/index
INFO: [ app_init ] --START--
INFO: Run Behavior\BuildLiteBehavior [ RunTime:0.000028s ]
INFO: Run Common\Behavior\InitHookBehavior [ RunTime:0.000740s ]
INFO: [ app_init ] --END-- [ RunTime:0.001053s ]

[ 2017-03-11T01:06:31+08:00 ] 127.0.0.1 /index.php?s=/Go/index
INFO: [ app_init ] --START--
INFO: Run Behavior\BuildLiteBehavior [ RunTime:0.000018s ]
INFO: Run Common\Behavior\InitHookBehavior [ RunTime:0.000466s ]
INFO: [ app_init ] --END-- [ RunTime:0.000665s ]

[ 2017-03-11T01:11:23+08:00 ] 127.0.0.1 /index.php?s=/Go/index
INFO: [ app_init ] --START--
INFO: Run Behavior\BuildLiteBehavior [ RunTime:0.000020s ]
INFO: Run Common\Behavior\InitHookBehavior [ RunTime:0.000535s ]
INFO: [ app_init ] --END-- [ RunTime:0.000761s ]

[ 2017-03-11T01:11:25+08:00 ] 127.0.0.1 /index.php?s=/Go/index
INFO: [ app_init ] --START--
INFO: Run Behavior\BuildLiteBehavior [ RunTime:0.000020s ]
INFO: Run Common\Behavior\InitHookBehavior [ RunTime:0.000487s ]
INFO: [ app_init ] --END-- [ RunTime:0.000704s ]

[ 2017-03-11T01:11:26+08:00 ] 127.0.0.1 /index.php?s=/Go/index
INFO: [ app_init ] --START--
INFO: Run Behavior\BuildLiteBehavior [ RunTime:0.000033s ]
INFO: Run Common\Behavior\InitHookBehavior [ RunTime:0.000749s ]
INFO: [ app_init ] --END-- [ RunTime:0.001081s ]

[ 2017-03-11T01:12:29+08:00 ] 127.0.0.1 /index.php?s=/Go/index
INFO: [ app_init ] --START--
INFO: Run Behavior\BuildLiteBehavior [ RunTime:0.000029s ]
INFO: Run Common\Behavior\InitHookBehavior [ RunTime:0.000765s ]
INFO: [ app_init ] --END-- [ RunTime:0.001081s ]

[ 2017-03-11T01:12:31+08:00 ] 127.0.0.1 /index.php?s=/Go/index
INFO: [ app_init ] --START--
INFO: Run Behavior\BuildLiteBehavior [ RunTime:0.000021s ]
INFO: Run Common\Behavior\InitHookBehavior [ RunTime:0.000493s ]
INFO: [ app_init ] --END-- [ RunTime:0.000718s ]

[ 2017-03-11T10:04:36+08:00 ] 127.0.0.1 /index.php?s=/Go/index
INFO: [ app_init ] --START--
INFO: Run Behavior\BuildLiteBehavior [ RunTime:0.000041s ]
INFO: Run Common\Behavior\InitHookBehavior [ RunTime:0.006106s ]
INFO: [ app_init ] --END-- [ RunTime:0.008073s ]

[ 2017-03-11T22:25:22+08:00 ] 127.0.0.1 /index.php?s=/Go/index
INFO: [ app_init ] --START--
INFO: Run Behavior\BuildLiteBehavior [ RunTime:0.000052s ]
INFO: Run Common\Behavior\InitHookBehavior [ RunTime:0.003635s ]
INFO: [ app_init ] --END-- [ RunTime:0.005164s ]

[ 2017-03-11T23:16:34+08:00 ] 127.0.0.1 /index.php?s=/Go/index
INFO: [ app_init ] --START--
INFO: Run Behavior\BuildLiteBehavior [ RunTime:0.000042s ]
INFO: Run Common\Behavior\InitHookBehavior [ RunTime:0.002590s ]
INFO: [ app_init ] --END-- [ RunTime:0.003078s ]

[ 2017-03-11T23:16:58+08:00 ] 127.0.0.1 /index.php?s=/Go/index
INFO: [ app_init ] --START--
INFO: Run Behavior\BuildLiteBehavior [ RunTime:0.000142s ]
INFO: Run Common\Behavior\InitHookBehavior [ RunTime:0.001457s ]
INFO: [ app_init ] --END-- [ RunTime:0.003497s ]

[ 2017-03-11T23:17:59+08:00 ] 127.0.0.1 /index.php?s=/Go/index
INFO: [ app_init ] --START--
INFO: Run Behavior\BuildLiteBehavior [ RunTime:0.000031s ]
INFO: Run Common\Behavior\InitHookBehavior [ RunTime:0.000787s ]
INFO: [ app_init ] --END-- [ RunTime:0.001111s ]

[ 2017-03-11T23:18:46+08:00 ] 127.0.0.1 /index.php?s=/Go/index
INFO: [ app_init ] --START--
INFO: Run Behavior\BuildLiteBehavior [ RunTime:0.000046s ]
INFO: Run Common\Behavior\InitHookBehavior [ RunTime:0.000938s ]
INFO: [ app_init ] --END-- [ RunTime:0.001372s ]

[ 2017-03-11T23:18:48+08:00 ] 127.0.0.1 /index.php?s=/Go/index
INFO: [ app_init ] --START--
INFO: Run Behavior\BuildLiteBehavior [ RunTime:0.000019s ]
INFO: Run Common\Behavior\InitHookBehavior [ RunTime:0.000478s ]
INFO: [ app_init ] --END-- [ RunTime:0.000679s ]

[ 2017-03-11T23:19:06+08:00 ] 127.0.0.1 /index.php?s=/Go/index
INFO: [ app_init ] --START--
INFO: Run Behavior\BuildLiteBehavior [ RunTime:0.000053s ]
INFO: Run Common\Behavior\InitHookBehavior [ RunTime:0.000948s ]
INFO: [ app_init ] --END-- [ RunTime:0.001434s ]

[ 2017-03-11T23:19:22+08:00 ] 127.0.0.1 /index.php?s=/Go/index
INFO: [ app_init ] --START--
INFO: Run Behavior\BuildLiteBehavior [ RunTime:0.000032s ]
INFO: Run Common\Behavior\InitHookBehavior [ RunTime:0.000918s ]
INFO: [ app_init ] --END-- [ RunTime:0.001303s ]

[ 2017-03-11T23:20:27+08:00 ] 127.0.0.1 /index.php?s=/Go/index
INFO: [ app_init ] --START--
INFO: Run Behavior\BuildLiteBehavior [ RunTime:0.000062s ]
INFO: Run Common\Behavior\InitHookBehavior [ RunTime:0.001622s ]
INFO: [ app_init ] --END-- [ RunTime:0.002145s ]

[ 2017-03-11T23:21:38+08:00 ] 127.0.0.1 /index.php?s=/Go/index
INFO: [ app_init ] --START--
INFO: Run Behavior\BuildLiteBehavior [ RunTime:0.000045s ]
INFO: Run Common\Behavior\InitHookBehavior [ RunTime:0.000993s ]
INFO: [ app_init ] --END-- [ RunTime:0.001424s ]

[ 2017-03-11T23:23:19+08:00 ] 127.0.0.1 /index.php?s=/Go/index
INFO: [ app_init ] --START--
INFO: Run Behavior\BuildLiteBehavior [ RunTime:0.000031s ]
INFO: Run Common\Behavior\InitHookBehavior [ RunTime:0.001416s ]
INFO: [ app_init ] --END-- [ RunTime:0.001775s ]

[ 2017-03-11T23:24:55+08:00 ] 127.0.0.1 /index.php?s=/Go/index
INFO: [ app_init ] --START--
INFO: Run Behavior\BuildLiteBehavior [ RunTime:0.000025s ]
INFO: Run Common\Behavior\InitHookBehavior [ RunTime:0.000560s ]
INFO: [ app_init ] --END-- [ RunTime:0.000818s ]

[ 2017-03-11T23:27:52+08:00 ] 127.0.0.1 /index.php?s=/Go/index
INFO: [ app_init ] --START--
INFO: Run Behavior\BuildLiteBehavior [ RunTime:0.000018s ]
INFO: Run Common\Behavior\InitHookBehavior [ RunTime:0.000929s ]
INFO: [ app_init ] --END-- [ RunTime:0.001140s ]

[ 2017-03-11T23:27:57+08:00 ] 127.0.0.1 /index.php?s=/Go/index
INFO: [ app_init ] --START--
INFO: Run Behavior\BuildLiteBehavior [ RunTime:0.000045s ]
INFO: Run Common\Behavior\InitHookBehavior [ RunTime:0.002011s ]
INFO: [ app_init ] --END-- [ RunTime:0.002519s ]

